This is pdfTeX, Version 3.1415926-2.4-1.40.13 (TeX Live 2012) (format=pdflatex 2012.9.25)  19 SEP 2014 15:35
entering extended mode
 restricted \write18 enabled.
 %&-line parsing enabled.
**book.tex --include-directory=../Latex/
(./book.tex
LaTeX2e <2011/06/27>
Babel <v3.8m> and hyphenation patterns for english, dumylang, nohyphenation, ge
rman-x-2012-05-30, ngerman-x-2012-05-30, afrikaans, ancientgreek, ibycus, arabi
c, armenian, basque, bulgarian, catalan, pinyin, coptic, croatian, czech, danis
h, dutch, ukenglish, usenglishmax, esperanto, estonian, ethiopic, farsi, finnis
h, french, friulan, galician, german, ngerman, swissgerman, monogreek, greek, h
ungarian, icelandic, assamese, bengali, gujarati, hindi, kannada, malayalam, ma
rathi, oriya, panjabi, tamil, telugu, indonesian, interlingua, irish, italian, 
kurmanji, latin, latvian, lithuanian, mongolian, mongolianlmc, bokmal, nynorsk,
 polish, portuguese, romanian, romansh, russian, sanskrit, serbian, serbianc, s
lovak, slovenian, spanish, swedish, turkish, turkmen, ukrainian, uppersorbian, 
welsh, loaded.
(/usr/local/texlive/2012/texmf-dist/tex/latex/koma-script/scrbook.cls
Document Class: scrbook 2012/05/15 v3.11 KOMA-Script document class (book)
(/usr/local/texlive/2012/texmf-dist/tex/latex/koma-script/scrkbase.sty
Package: scrkbase 2012/05/15 v3.11 KOMA-Script package (KOMA-Script-dependent b
asics and keyval usage)

(/usr/local/texlive/2012/texmf-dist/tex/latex/koma-script/scrbase.sty
Package: scrbase 2012/05/15 v3.11 KOMA-Script package (KOMA-Script-independent 
basics and keyval usage)

(/usr/local/texlive/2012/texmf-dist/tex/latex/graphics/keyval.sty
Package: keyval 1999/03/16 v1.13 key=value parser (DPC)
\KV@toks@=\toks14
)
(/usr/local/texlive/2012/texmf-dist/tex/latex/koma-script/scrlfile.sty
Package: scrlfile 2011/03/09 v3.09 KOMA-Script package (loading files)

Package scrlfile, 2011/03/09 v3.09 KOMA-Script package (loading files)
                  Copyright (C) Markus Kohm

))) (/usr/local/texlive/2012/texmf-dist/tex/latex/koma-script/tocbasic.sty
Package: tocbasic 2012/04/04 v3.10b KOMA-Script package (handling toc-files)
)
Package tocbasic Info: omitting babel extension for `toc'
(tocbasic)             because of feature `nobabel' available
(tocbasic)             for `toc' on input line 117.
Package tocbasic Info: omitting babel extension for `lof'
(tocbasic)             because of feature `nobabel' available
(tocbasic)             for `lof' on input line 118.
Package tocbasic Info: omitting babel extension for `lot'
(tocbasic)             because of feature `nobabel' available
(tocbasic)             for `lot' on input line 119.
Package scrbook Info: You've used obsolete option `12pt'.
(scrbook)             \KOMAExecuteOptions{fontsize=12pt} will be
(scrbook)             used instead.
(scrbook)             You may simply replace `12pt'
(scrbook)             by `fontsize=12pt'.
Class scrbook Info: File `scrsize12pt.clo' used to setup font sizes on input li
ne 1366.

(/usr/local/texlive/2012/texmf-dist/tex/latex/koma-script/scrsize12pt.clo
File: scrsize12pt.clo 2012/05/15 v3.11 KOMA-Script font size class option (12pt
)
)
(/usr/local/texlive/2012/texmf-dist/tex/latex/koma-script/typearea.sty
Package: typearea 2012/05/15 v3.11 KOMA-Script package (type area)

Package typearea, 2012/05/15 v3.11 KOMA-Script package (type area)
                  Copyright (C) Frank Neukam, 1992-1994
                  Copyright (C) Markus Kohm, 1994-

\ta@bcor=\skip41
\ta@div=\count79
Package typearea Info: You've used standard option `a4paper'.
(typearea)             This is correct!
(typearea)             Internally I'm using `paper=a4'.
(typearea)             If you'd like to set the option with \KOMAoptions,
(typearea)             you'd have to use `paper=a4' there
(typearea)             instead of `a4paper', too.
Package typearea Info: You've used standard option `pdftex'.
(typearea)             This is correct!
(typearea)             Internally I'm using `pagesize=pdftex'.
(typearea)             If you'd like to set the option with \KOMAoptions,
(typearea)             you'd have to use `pagesize=pdftex' there
(typearea)             instead of `pdftex', too.
\ta@hblk=\skip42
\ta@vblk=\skip43
\ta@temp=\skip44
Package typearea Info: These are the values describing the layout:
(typearea)             DIV  = 12
(typearea)             BCOR = 0.0pt
(typearea)             \paperwidth      = 597.50793pt
(typearea)              \textwidth      = 448.13095pt
(typearea)              DIV departure   = -6%
(typearea)              \evensidemargin = 27.31467pt
(typearea)              \oddsidemargin  = -22.47766pt
(typearea)             \paperheight     = 845.04694pt
(typearea)              \textheight     = 635.5pt
(typearea)              \topmargin      = -41.72441pt
(typearea)              \headheight     = 18.125pt
(typearea)              \headsep        = 21.75pt
(typearea)              \topskip        = 12.0pt
(typearea)              \footskip       = 50.75pt
(typearea)              \baselineskip   = 14.5pt
(typearea)              on input line 1211.
)
\c@part=\count80
\c@chapter=\count81
\c@section=\count82
\c@subsection=\count83
\c@subsubsection=\count84
\c@paragraph=\count85
\c@subparagraph=\count86
\abovecaptionskip=\skip45
\belowcaptionskip=\skip46
\c@pti@nb@sid@b@x=\box26
\c@figure=\count87
\c@table=\count88
\bibindent=\dimen102
) (/usr/local/texlive/2012/texmf-dist/tex/latex/a4wide/a4wide.sty
Package: a4wide 1994/08/30

(/usr/local/texlive/2012/texmf-dist/tex/latex/ntgclass/a4.sty
Package: a4 2004/04/15 v1.2g A4 based page layout
))
(/usr/local/texlive/2012/texmf-dist/tex/latex/listings/listings.sty
\lst@mode=\count89
\lst@gtempboxa=\box27
\lst@token=\toks15
\lst@length=\count90
\lst@currlwidth=\dimen103
\lst@column=\count91
\lst@pos=\count92
\lst@lostspace=\dimen104
\lst@width=\dimen105
\lst@newlines=\count93
\lst@lineno=\count94
\lst@maxwidth=\dimen106

(/usr/local/texlive/2012/texmf-dist/tex/latex/listings/lstmisc.sty
File: lstmisc.sty 2007/02/22 1.4 (Carsten Heinz)
\c@lstnumber=\count95
\lst@skipnumbers=\count96
\lst@framebox=\box28
)
(/usr/local/texlive/2012/texmf-dist/tex/latex/listings/listings.cfg
File: listings.cfg 2007/02/22 1.4 listings configuration
))
Package: listings 2007/02/22 1.4 (Carsten Heinz)

(/usr/local/texlive/2012/texmf-dist/tex/latex/graphics/graphicx.sty
Package: graphicx 1999/02/16 v1.0f Enhanced LaTeX Graphics (DPC,SPQR)

(/usr/local/texlive/2012/texmf-dist/tex/latex/graphics/graphics.sty
Package: graphics 2009/02/05 v1.0o Standard LaTeX Graphics (DPC,SPQR)

(/usr/local/texlive/2012/texmf-dist/tex/latex/graphics/trig.sty
Package: trig 1999/03/16 v1.09 sin cos tan (DPC)
)
(/usr/local/texlive/2012/texmf-dist/tex/latex/latexconfig/graphics.cfg
File: graphics.cfg 2010/04/23 v1.9 graphics configuration of TeX Live
)
Package graphics Info: Driver file: pdftex.def on input line 91.

(/usr/local/texlive/2012/texmf-dist/tex/latex/pdftex-def/pdftex.def
File: pdftex.def 2011/05/27 v0.06d Graphics/color for pdfTeX

(/usr/local/texlive/2012/texmf-dist/tex/generic/oberdiek/infwarerr.sty
Package: infwarerr 2010/04/08 v1.3 Providing info/warning/error messages (HO)
)
(/usr/local/texlive/2012/texmf-dist/tex/generic/oberdiek/ltxcmds.sty
Package: ltxcmds 2011/11/09 v1.22 LaTeX kernel commands for general use (HO)
)
\Gread@gobject=\count97
))
\Gin@req@height=\dimen107
\Gin@req@width=\dimen108
)
(/usr/local/texlive/2012/texmf-dist/tex/latex/hyperref/hyperref.sty
Package: hyperref 2012/05/13 v6.82q Hypertext links for LaTeX

(/usr/local/texlive/2012/texmf-dist/tex/generic/oberdiek/hobsub-hyperref.sty
Package: hobsub-hyperref 2012/05/28 v1.13 Bundle oberdiek, subset hyperref (HO)


(/usr/local/texlive/2012/texmf-dist/tex/generic/oberdiek/hobsub-generic.sty
Package: hobsub-generic 2012/05/28 v1.13 Bundle oberdiek, subset generic (HO)
Package: hobsub 2012/05/28 v1.13 Construct package bundles (HO)
Package hobsub Info: Skipping package `infwarerr' (already loaded).
Package hobsub Info: Skipping package `ltxcmds' (already loaded).
Package: ifluatex 2010/03/01 v1.3 Provides the ifluatex switch (HO)
Package ifluatex Info: LuaTeX not detected.
Package: ifvtex 2010/03/01 v1.5 Detect VTeX and its facilities (HO)
Package ifvtex Info: VTeX not detected.
Package: intcalc 2007/09/27 v1.1 Expandable calculations with integers (HO)
Package: ifpdf 2011/01/30 v2.3 Provides the ifpdf switch (HO)
Package ifpdf Info: pdfTeX in PDF mode is detected.
Package: etexcmds 2011/02/16 v1.5 Avoid name clashes with e-TeX commands (HO)
Package etexcmds Info: Could not find \expanded.
(etexcmds)             That can mean that you are not using pdfTeX 1.50 or
(etexcmds)             that some package has redefined \expanded.
(etexcmds)             In the latter case, load this package earlier.
Package: kvsetkeys 2012/04/25 v1.16 Key value parser (HO)
Package: kvdefinekeys 2011/04/07 v1.3 Define keys (HO)
Package: pdftexcmds 2011/11/29 v0.20 Utility functions of pdfTeX for LuaTeX (HO
)
Package pdftexcmds Info: LuaTeX not detected.
Package pdftexcmds Info: \pdf@primitive is available.
Package pdftexcmds Info: \pdf@ifprimitive is available.
Package pdftexcmds Info: \pdfdraftmode found.
Package: pdfescape 2011/11/25 v1.13 Implements pdfTeX's escape features (HO)
Package: bigintcalc 2012/04/08 v1.3 Expandable calculations on big integers (HO
)
Package: bitset 2011/01/30 v1.1 Handle bit-vector datatype (HO)
Package: uniquecounter 2011/01/30 v1.2 Provide unlimited unique counter (HO)
)
Package hobsub Info: Skipping package `hobsub' (already loaded).
Package: letltxmacro 2010/09/02 v1.4 Let assignment for LaTeX macros (HO)
Package: hopatch 2012/05/28 v1.2 Wrapper for package hooks (HO)
Package: xcolor-patch 2011/01/30 xcolor patch
Package: atveryend 2011/06/30 v1.8 Hooks at the very end of document (HO)
Package atveryend Info: \enddocument detected (standard20110627).
Package: atbegshi 2011/10/05 v1.16 At begin shipout hook (HO)
Package: refcount 2011/10/16 v3.4 Data extraction from label references (HO)
Package: hycolor 2011/01/30 v1.7 Color options for hyperref/bookmark (HO)
)
(/usr/local/texlive/2012/texmf-dist/tex/generic/ifxetex/ifxetex.sty
Package: ifxetex 2010/09/12 v0.6 Provides ifxetex conditional
)
(/usr/local/texlive/2012/texmf-dist/tex/latex/oberdiek/kvoptions.sty
Package: kvoptions 2011/06/30 v3.11 Key value format for package options (HO)
)
\@linkdim=\dimen109
\Hy@linkcounter=\count98
\Hy@pagecounter=\count99

(/usr/local/texlive/2012/texmf-dist/tex/latex/hyperref/pd1enc.def
File: pd1enc.def 2012/05/13 v6.82q Hyperref: PDFDocEncoding definition (HO)
)
\Hy@SavedSpaceFactor=\count100

(/usr/local/texlive/2012/texmf-dist/tex/latex/latexconfig/hyperref.cfg
File: hyperref.cfg 2002/06/06 v1.2 hyperref configuration of TeXLive
)
Package hyperref Info: Hyper figures OFF on input line 4062.
Package hyperref Info: Link nesting OFF on input line 4067.
Package hyperref Info: Hyper index ON on input line 4070.
Package hyperref Info: Plain pages OFF on input line 4077.
Package hyperref Info: Backreferencing OFF on input line 4082.
Package hyperref Info: Implicit mode ON; LaTeX internals redefined.
Package hyperref Info: Bookmarks ON on input line 4300.
\c@Hy@tempcnt=\count101

(/usr/local/texlive/2012/texmf-dist/tex/latex/url/url.sty
\Urlmuskip=\muskip10
Package: url 2006/04/12  ver 3.3  Verb mode for urls, etc.
)
LaTeX Info: Redefining \url on input line 4653.
\Fld@menulength=\count102
\Field@Width=\dimen110
\Fld@charsize=\dimen111
Package hyperref Info: Hyper figures OFF on input line 5773.
Package hyperref Info: Link nesting OFF on input line 5778.
Package hyperref Info: Hyper index ON on input line 5781.
Package hyperref Info: backreferencing OFF on input line 5788.
Package hyperref Info: Link coloring OFF on input line 5793.
Package hyperref Info: Link coloring with OCG OFF on input line 5798.
Package hyperref Info: PDF/A mode OFF on input line 5803.
LaTeX Info: Redefining \ref on input line 5843.
LaTeX Info: Redefining \pageref on input line 5847.
\Hy@abspage=\count103
\c@Item=\count104
\c@Hfootnote=\count105
)

Package hyperref Message: Driver: hpdftex.

(/usr/local/texlive/2012/texmf-dist/tex/latex/hyperref/hpdftex.def
File: hpdftex.def 2012/05/13 v6.82q Hyperref driver for pdfTeX
\Fld@listcount=\count106
\c@bookmark@seq@number=\count107

(/usr/local/texlive/2012/texmf-dist/tex/latex/oberdiek/rerunfilecheck.sty
Package: rerunfilecheck 2011/04/15 v1.7 Rerun checks for auxiliary files (HO)
Package uniquecounter Info: New unique counter `rerunfilecheck' on input line 2
82.
)
\Hy@SectionHShift=\skip47
)
(./subfigure.sty
Package: subfigure 2002/04/17 v2.1.3 subfigure package
\subfigtopskip=\skip48
\subfigcapskip=\skip49
\subfigcaptopadj=\dimen112
\subfigbottomskip=\skip50
\subfigcapmargin=\dimen113
\subfiglabelskip=\skip51
\c@subfigure=\count108
\c@lofdepth=\count109
\c@subtable=\count110
\c@lotdepth=\count111

****************************************
* Local config file subfigure.cfg used *
****************************************
(/usr/local/texlive/2012/texmf-dist/tex/latex/subfigure/subfigure.cfg)
\subfig@top=\skip52
\subfig@bottom=\skip53
)
(/usr/local/texlive/2012/texmf-dist/tex/latex/placeins/placeins.sty
Package: placeins 2005/04/18  v 2.2
)
(/usr/local/texlive/2012/texmf-dist/tex/latex/psnfss/palatino.sty
Package: palatino 2005/04/12 PSNFSS-v9.2a (SPQR) 
)
(./fancyhdr.sty
\headwidth=\dimen114
)
(/usr/local/texlive/2012/texmf-dist/tex/latex/appendix/appendix.sty
Package: appendix 2009/09/02 v1.2b extra appendix facilities
\c@@pps=\count112
\c@@ppsavesec=\count113
\c@@ppsaveapp=\count114
)
(/usr/local/texlive/2012/texmf-dist/tex/latex/fncychap/fncychap.sty
Package: fncychap 2007/07/30 v1.34 LaTeX package (Revised chapters)
\RW=\skip54
\mylen=\skip55
\myhi=\skip56
\px=\skip57
\py=\skip58
\pyy=\skip59
\pxx=\skip60
)
(./book.aux (./Introduction/Introduction.aux) (./XMF/Languages/Languages.aux)
(./XMF/XOCL/XOCL.aux) (./XMF/Grammar/Grammars.aux)
(./Programming/Simulation/Simulation.aux)
(./Programming/PrettyPrint/PrettyPrint.aux) (./Programming/Teams/Teams.aux)
(./LanguageEngineering/DSLs/DSLs.aux)
(./LanguageEngineering/DataModelling/DataModelling.aux)
(./LanguageEngineering/Graphs/Graphs.aux)
(./LanguageEngineering/Comprehensions/Comprehensions.aux)
(./LanguageEngineering/Conventional/Conventional.aux)
(./LanguageEngineering/BizRules/BizRules.aux)
(./LanguageEngineering/MVC/MVC.aux)
(./LanguageEngineering/TextFromModels/TextFromModels.aux)
(./LanguageEngineering/DocComposition/DocComposition.aux)
(./LanguageEngineering/SECD/SECD.aux) (./LanguageEngineering/XML/XML.aux)
(./LanguageEngineering/Interactive/Interactive.aux)
(./LanguageEngineering/Choice/Choice.aux)
(./LanguageEngineering/Commands/Commands.aux)
(./Appendix/Implementation/Implementation.aux))
\openout1 = `book.aux'.

LaTeX Font Info:    Checking defaults for OML/cmm/m/it on input line 25.
LaTeX Font Info:    ... okay on input line 25.
LaTeX Font Info:    Checking defaults for T1/cmr/m/n on input line 25.
LaTeX Font Info:    ... okay on input line 25.
LaTeX Font Info:    Checking defaults for OT1/cmr/m/n on input line 25.
LaTeX Font Info:    ... okay on input line 25.
LaTeX Font Info:    Checking defaults for OMS/cmsy/m/n on input line 25.
LaTeX Font Info:    ... okay on input line 25.
LaTeX Font Info:    Checking defaults for OMX/cmex/m/n on input line 25.
LaTeX Font Info:    ... okay on input line 25.
LaTeX Font Info:    Checking defaults for U/cmr/m/n on input line 25.
LaTeX Font Info:    ... okay on input line 25.
LaTeX Font Info:    Checking defaults for PD1/pdf/m/n on input line 25.
LaTeX Font Info:    ... okay on input line 25.
LaTeX Font Info:    Try loading font information for OT1+ppl on input line 25.

(/usr/local/texlive/2012/texmf-dist/tex/latex/psnfss/ot1ppl.fd
File: ot1ppl.fd 2001/06/04 font definitions for OT1/ppl.
)
\c@lstlisting=\count115

(/usr/local/texlive/2012/texmf-dist/tex/context/base/supp-pdf.mkii
[Loading MPS to PDF converter (version 2006.09.02).]
\scratchcounter=\count116
\scratchdimen=\dimen115
\scratchbox=\box29
\nofMPsegments=\count117
\nofMParguments=\count118
\everyMPshowfont=\toks16
\MPscratchCnt=\count119
\MPscratchDim=\dimen116
\MPnumerator=\count120
\makeMPintoPDFobject=\count121
\everyMPtoPDFconversion=\toks17
) (/usr/local/texlive/2012/texmf-dist/tex/latex/oberdiek/epstopdf-base.sty
Package: epstopdf-base 2010/02/09 v2.5 Base part for package epstopdf

(/usr/local/texlive/2012/texmf-dist/tex/latex/oberdiek/grfext.sty
Package: grfext 2010/08/19 v1.1 Manage graphics extensions (HO)
)
Package grfext Info: Graphics extension search list:
(grfext)             [.png,.pdf,.jpg,.mps,.jpeg,.jbig2,.jb2,.PNG,.PDF,.JPG,.JPE
G,.JBIG2,.JB2,.eps]
(grfext)             \AppendGraphicsExtensions on input line 452.

(/usr/local/texlive/2012/texmf-dist/tex/latex/latexconfig/epstopdf-sys.cfg
File: epstopdf-sys.cfg 2010/07/13 v1.3 Configuration of (r)epstopdf for TeX Liv
e
))
\AtBeginShipoutBox=\box30
Package hyperref Info: Link coloring OFF on input line 25.

(/usr/local/texlive/2012/texmf-dist/tex/latex/hyperref/nameref.sty
Package: nameref 2010/04/30 v2.40 Cross-referencing by name of section

(/usr/local/texlive/2012/texmf-dist/tex/generic/oberdiek/gettitlestring.sty
Package: gettitlestring 2010/12/03 v1.4 Cleanup title references (HO)
)
\c@section@level=\count122
)
LaTeX Info: Redefining \ref on input line 25.
LaTeX Info: Redefining \pageref on input line 25.
LaTeX Info: Redefining \nameref on input line 25.

(./book.out) (./book.out)
\@outlinefile=\write3
\openout3 = `book.out'.

LaTeX Font Info:    Try loading font information for OT1+phv on input line 79.

(/usr/local/texlive/2012/texmf-dist/tex/latex/psnfss/ot1phv.fd
File: ot1phv.fd 2001/06/04 scalable font definitions for OT1/phv.
)
<SuperXMF.pdf, id=703, 55.20625pt x 70.2625pt>
File: SuperXMF.pdf Graphic file (type pdf)
 <use SuperXMF.pdf>
Package pdftex.def Info: SuperXMF.pdf used on input line 84.
(pdftex.def)             Requested size: 138.21777pt x 175.92273pt.
 [1





{/usr/local/texlive/2012/texmf-var/fonts/map/pdftex/updmap/pdftex.map} <./Super
XMF.pdf>]
[2


] (./book.toc
LaTeX Font Info:    Font shape `OT1/phv/bx/n' in size <12> not available
(Font)              Font shape `OT1/phv/b/n' tried instead on input line 1.
LaTeX Font Info:    External font `cmex10' loaded for size
(Font)              <12> on input line 2.
LaTeX Font Info:    External font `cmex10' loaded for size
(Font)              <8> on input line 2.
LaTeX Font Info:    External font `cmex10' loaded for size
(Font)              <6> on input line 2.
LaTeX Font Info:    Font shape `OT1/phv/bx/n' in size <14.4> not available
(Font)              Font shape `OT1/phv/b/n' tried instead on input line 13.
 [3]
LaTeX Font Info:    Font shape `OT1/ppl/bx/n' in size <12> not available
(Font)              Font shape `OT1/ppl/b/n' tried instead on input line 63.
 [4] [5] [6])
\tf@toc=\write4
\openout4 = `book.toc'.


Underfull \vbox (badness 1062) has occurred while \output is active []

 [7]
[8]
\openout2 = `Introduction/Introduction.aux'.

 (./Introduction/Introduction.tex
Chapter 1.

Class scrbook Warning: \float@addtolists detected!
(scrbook)              You should use the features of package `tocbasic'
(scrbook)              instead of \float@addtolists.
(scrbook)              Support for \float@addtolists may be removed from
(scrbook)              `scrbook' soon .

LaTeX Font Info:    Font shape `OT1/ppl/bx/n' in size <24.88> not available
(Font)              Font shape `OT1/ppl/b/n' tried instead on input line 1.
LaTeX Font Info:    Font shape `OT1/phv/bx/n' in size <17.28> not available
(Font)              Font shape `OT1/phv/b/n' tried instead on input line 44.
[1





] [2] [3] [4] [5] [6]
Overfull \hbox (13.76138pt too wide) in paragraph at lines 311--321
[]\OT1/ppl/m/n/12 The term lan-guage work-bench was pro-posed by Mar-tin Fowler

 []

[7]
Overfull \hbox (4.0932pt too wide) in paragraph at lines 351--364
\OT1/ppl/m/n/12 language and of-fers a full range of super-features. XMF is not
 the per-fect super-language,
 []

LaTeX Font Info:    Try loading font information for OMS+ppl on input line 379.

(/usr/local/texlive/2012/texmf-dist/tex/latex/psnfss/omsppl.fd
File: omsppl.fd 
)
LaTeX Font Info:    Font shape `OMS/ppl/m/n' in size <12> not available
(Font)              Font shape `OMS/cmsy/m/n' tried instead on input line 379.
 [8]
LaTeX Font Info:    Try loading font information for OT1+pcr on input line 422.


(/usr/local/texlive/2012/texmf-dist/tex/latex/psnfss/ot1pcr.fd
File: ot1pcr.fd 2001/06/04 font definitions for OT1/pcr.
)
Overfull \hbox (7.24535pt too wide) in paragraph at lines 438--441
[]\OT1/ppl/m/n/12 Super-languages al-low new lan-guage con-structs and even com
-
 []

[9]) [10]
LaTeX Font Info:    Font shape `OT1/phv/bx/n' in size <24.88> not available
(Font)              Font shape `OT1/phv/b/n' tried instead on input line 103.
 [11



] [12]
\openout2 = `XMF/Languages/Languages.aux'.

 (./XMF/Languages/Languages.tex
Chapter 2.
LaTeX Font Info:    Font shape `OT1/pcr/bx/n' in size <10.95> not available
(Font)              Font shape `OT1/pcr/b/n' tried instead on input line 15.

Overfull \hbox (6.81804pt too wide) in paragraph at lines 17--21
\OT1/ppl/m/n/12 Abstract syn-tax deals with how a lan-guage is rep-re-sented as
 data; it tends to be computer-
 []

[13



] <XMF/Languages/Images/Tower.pdf, id=986, 495.8525pt x 240.9pt>
File: XMF/Languages/Images/Tower.pdf Graphic file (type pdf)

<use XMF/Languages/Images/Tower.pdf>
Package pdftex.def Info: XMF/Languages/Images/Tower.pdf used on input line 87.
(pdftex.def)             Requested size: 341.43306pt x 165.87932pt.
 [14]
<XMF/Languages/Images/Element.pdf, id=992, 282.05376pt x 173.64874pt>
File: XMF/Languages/Images/Element.pdf Graphic file (type pdf)

<use XMF/Languages/Images/Element.pdf>
Package pdftex.def Info: XMF/Languages/Images/Element.pdf used on input line 13
8.
(pdftex.def)             Requested size: 227.62204pt x 140.13802pt.

Underfull \vbox (badness 10000) has occurred while \output is active []

 [15 <./XMF/Languages/Images/Tower.pdf>]
Overfull \hbox (2.67818pt too wide) in paragraph at lines 163--171
[]\OT1/ppl/m/n/12 Our lan-guage is object-oriented and com-pu-ta-tion pro-ceeds
 by mes-sage pass-ing. When
 []

LaTeX Font Info:    Font shape `OT1/pcr/m/it' in size <10.95> not available
(Font)              Font shape `OT1/pcr/m/sl' tried instead on input line 176.
[16 <./XMF/Languages/Images/Element.pdf>]
<XMF/Languages/Images/Table.pdf, id=1021, 400.49625pt x 166.6225pt>
File: XMF/Languages/Images/Table.pdf Graphic file (type pdf)

<use XMF/Languages/Images/Table.pdf>
Package pdftex.def Info: XMF/Languages/Images/Table.pdf used on input line 208.

(pdftex.def)             Requested size: 341.43306pt x 142.05692pt.

Underfull \vbox (badness 10000) has occurred while \output is active []

 [17 <./XMF/Languages/Images/Table.pdf>] [18]
<XMF/Languages/Images/NameSpace.pdf, id=1081, 449.68pt x 317.185pt>
File: XMF/Languages/Images/NameSpace.pdf Graphic file (type pdf)

<use XMF/Languages/Images/NameSpace.pdf>
Package pdftex.def Info: XMF/Languages/Images/NameSpace.pdf used on input line 
299.
(pdftex.def)             Requested size: 341.43306pt x 240.84045pt.
 [19] [20 <./XMF/Languages/Images/NameSpace.pdf>]
<XMF/Languages/Images/Classifier.pdf, id=1138, 439.6425pt x 179.67125pt>
File: XMF/Languages/Images/Classifier.pdf Graphic file (type pdf)

<use XMF/Languages/Images/Classifier.pdf>
Package pdftex.def Info: XMF/Languages/Images/Classifier.pdf used on input line
 386.
(pdftex.def)             Requested size: 341.43306pt x 139.53984pt.
 [21]
<XMF/Languages/Images/DataType.pdf, id=1170, 436.63126pt x 313.17pt>
File: XMF/Languages/Images/DataType.pdf Graphic file (type pdf)

<use XMF/Languages/Images/DataType.pdf>
Package pdftex.def Info: XMF/Languages/Images/DataType.pdf used on input line 4
33.
(pdftex.def)             Requested size: 341.43306pt x 244.88805pt.
 [22 <./XMF/Languages/Images/Classifier.pdf>] <XMF/Languages/Images/Collections
.pdf, id=1190, 381.425pt x 329.23pt>
File: XMF/Languages/Images/Collections.pdf Graphic file (type pdf)

<use XMF/Languages/Images/Collections.pdf>
Package pdftex.def Info: XMF/Languages/Images/Collections.pdf used on input lin
e 455.
(pdftex.def)             Requested size: 341.43306pt x 294.7218pt.

<XMF/Languages/Images/Sequence.pdf, id=1192, 242.9075pt x 162.6075pt>
File: XMF/Languages/Images/Sequence.pdf Graphic file (type pdf)

<use XMF/Languages/Images/Sequence.pdf>
Package pdftex.def Info: XMF/Languages/Images/Sequence.pdf used on input line 4
74.
(pdftex.def)             Requested size: 142.26378pt x 95.23293pt.
 [23 <./XMF/Languages/Images/DataType.pdf>] [24 <./XMF/Languages/Images/Collect
ions.pdf> <./XMF/Languages/Images/Sequence.pdf>] <XMF/Languages/Images/Class.pd
f, id=1222, 475.7775pt x 294.09875pt>
File: XMF/Languages/Images/Class.pdf Graphic file (type pdf)

<use XMF/Languages/Images/Class.pdf>
Package pdftex.def Info: XMF/Languages/Images/Class.pdf used on input line 504.

(pdftex.def)             Requested size: 341.43306pt x 211.06433pt.
 [25 <./XMF/Languages/Images/Class.pdf>]
<XMF/Languages/Images/Operation.pdf, id=1234, 527.9725pt x 363.3575pt>
File: XMF/Languages/Images/Operation.pdf Graphic file (type pdf)

<use XMF/Languages/Images/Operation.pdf>
Package pdftex.def Info: XMF/Languages/Images/Operation.pdf used on input line 
571.
(pdftex.def)             Requested size: 341.43306pt x 234.97643pt.
 [26])
Underfull \vbox (badness 1742) has occurred while \output is active []

 [27 <./XMF/Languages/Images/Operation.pdf>]
\openout2 = `XMF/XOCL/XOCL.aux'.

 (./XMF/XOCL/XOCL.tex [28




]
Chapter 3.
[29] <XMF/XOCL/Images/FactLoad.pdf, id=1284, 671.50874pt x 339.2675pt>
File: XMF/XOCL/Images/FactLoad.pdf Graphic file (type pdf)

<use XMF/XOCL/Images/FactLoad.pdf>
Package pdftex.def Info: XMF/XOCL/Images/FactLoad.pdf used on input line 72.
(pdftex.def)             Requested size: 426.79134pt x 215.62918pt.

Underfull \vbox (badness 10000) has occurred while \output is active []

 [30]
[31 <./XMF/XOCL/Images/FactLoad.pdf>] [32] [33] [34] [35] [36]
Underfull \vbox (badness 7397) has occurred while \output is active []

 [37]
[38] [39] [40]
Underfull \vbox (badness 10000) has occurred while \output is active []

 [41]
[42]
Underfull \vbox (badness 5302) has occurred while \output is active []

 [43]
[44] [45]
Underfull \vbox (badness 1127) has occurred while \output is active []

 [46]
[47] [48]
Overfull \hbox (5.23294pt too wide) in paragraph at lines 956--960
\OT1/ppl/m/n/12 tion about the ex-cep-tion when it oc-curs. For ex-am-ple, the 
class Ex-cep-tions::FileNotFound
 []

[49] [50] [51]
Underfull \vbox (badness 10000) has occurred while \output is active []

 [52]
[53] [54] <XMF/XOCL/Images/Evaluation.pdf, id=1909, 722.7pt x 542.025pt>
File: XMF/XOCL/Images/Evaluation.pdf Graphic file (type pdf)

<use XMF/XOCL/Images/Evaluation.pdf>
Package pdftex.def Info: XMF/XOCL/Images/Evaluation.pdf used on input line 1229
.
(pdftex.def)             Requested size: 341.43306pt x 256.07507pt.
 [55] [56 <./XMF/XOCL/Images/Evaluation.pdf>] [57] [58]
Underfull \vbox (badness 10000) has occurred while \output is active []

 [59]

LaTeX Warning: Reference `sec:Sugar-and-Expressions' on page 60 undefined on in
put line 1478.


Underfull \vbox (badness 10000) has occurred while \output is active []

 [60]
[61]
Underfull \vbox (badness 10000) has occurred while \output is active []

 [62]
Underfull \vbox (badness 10000) has occurred while \output is active []

 [63])
[64]
\openout2 = `XMF/Grammar/Grammars.aux'.

 (./XMF/Grammar/Grammars.tex
Chapter 4.
[65




] [66] [67] [68] [69]
Underfull \vbox (badness 10000) has occurred while \output is active []

 [70]
Overfull \hbox (2.53375pt too wide) in paragraph at lines 281--287
[]\OT1/ppl/m/n/12 A gram-mar for a lan-guage con-struct syn-the-sizes in-stance
s of an ab-stract syn-tax model.
 []

[71]
Overfull \hbox (16.24959pt too wide) in paragraph at lines 355--358
\OT1/ppl/m/n/12 Cond in-her-its from XOCL::Sugar. A Cond has at-tributes, claus
es (of type Seq(CondClause))
 []

[72] [73] [74] [75]
Overfull \hbox (3.52872pt too wide) in paragraph at lines 519--527
[]\OT1/ppl/m/n/12 ^ makes the slot a con-tainer pro-vid-ing that the type in-he
r-its from XCore::Contained.
 []

[76]
Overfull \hbox (0.8168pt too wide) in paragraph at lines 588--590
[]\OT1/ppl/m/n/12 Arguments have op-tional types, spec-i-fied as : <EXP> fol-lo
w-ing the ar-gu-ment name. 
 []

[77] [78] [79]
Underfull \vbox (badness 3942) has occurred while \output is active []

 [80]
[81]
Underfull \vbox (badness 10000) has occurred while \output is active []

 [82]
Underfull \vbox (badness 10000) has occurred while \output is active []

 [83]
Underfull \vbox (badness 10000) has occurred while \output is active []

 [84]
Underfull \vbox (badness 10000) has occurred while \output is active []

 [85]
Underfull \vbox (badness 10000) has occurred while \output is active []

 [86]
Underfull \vbox (badness 10000) has occurred while \output is active []

 [87])
[88] [89



] [90]
\openout2 = `Programming/Simulation/Simulation.aux'.

 (./Programming/Simulation/Simulation.tex
Chapter 5.

Overfull \hbox (5.23352pt too wide) in paragraph at lines 4--10
\OT1/ppl/m/n/12 Super-languages must be ex-pres-sive. Apart from lan-guage en-g
i-neer-ing, super-languages
 []

[91



]

LaTeX Warning: Reference `sec:A-Job-Shop-Simulation' on page 92 undefined on in
put line 49.


<Programming/Simulation/Images/WingJobShop.pdf, id=2943, 424.58624pt x 336.2562
6pt>
File: Programming/Simulation/Images/WingJobShop.pdf Graphic file (type pdf)
 <use Programming/Simulation/Images/WingJobShop.pdf>
Package pdftex.def Info: Programming/Simulation/Images/WingJobShop.pdf used on 
input line 59.
(pdftex.def)             Requested size: 341.43306pt x 270.41635pt.

<Programming/Simulation/Images/Wing1.pdf, id=2944, 210.7875pt x 161.60374pt>
File: Programming/Simulation/Images/Wing1.pdf Graphic file (type pdf)

<use Programming/Simulation/Images/Wing1.pdf>
Package pdftex.def Info: Programming/Simulation/Images/Wing1.pdf used on input 
line 71.
(pdftex.def)             Requested size: 113.81102pt x 87.25732pt.

<Programming/Simulation/Images/Wing2.pdf, id=2945, 204.765pt x 160.6pt>
File: Programming/Simulation/Images/Wing2.pdf Graphic file (type pdf)

<use Programming/Simulation/Images/Wing2.pdf>
Package pdftex.def Info: Programming/Simulation/Images/Wing2.pdf used on input 
line 73.
(pdftex.def)             Requested size: 113.81102pt x 89.26637pt.

<Programming/Simulation/Images/Wing3.pdf, id=2946, 202.7575pt x 157.58875pt>
File: Programming/Simulation/Images/Wing3.pdf Graphic file (type pdf)

<use Programming/Simulation/Images/Wing3.pdf>
Package pdftex.def Info: Programming/Simulation/Images/Wing3.pdf used on input 
line 75.
(pdftex.def)             Requested size: 113.81102pt x 88.45828pt.
File: Programming/Simulation/Images/Wing1.pdf Graphic file (type pdf)

<use Programming/Simulation/Images/Wing1.pdf>
Package pdftex.def Info: Programming/Simulation/Images/Wing1.pdf used on input 
line 77.
(pdftex.def)             Requested size: 113.81102pt x 87.25732pt.
 [92 <./Programming/Simulation/Images/WingJobShop.pdf>] [93 <./Programming/Simu
lation/Images/Wing1.pdf> <./Programming/Simulation/Images/Wing2.pdf> <./Program
ming/Simulation/Images/Wing3.pdf>]
<Programming/Simulation/Images/JobShop.pdf, id=2983, 560.0925pt x 583.17876pt>
File: Programming/Simulation/Images/JobShop.pdf Graphic file (type pdf)

<use Programming/Simulation/Images/JobShop.pdf>
Package pdftex.def Info: Programming/Simulation/Images/JobShop.pdf used on inpu
t line 114.
(pdftex.def)             Requested size: 341.43306pt x 355.51605pt.
 [94] [95 <./Programming/Simulation/Images/JobShop.pdf>]
<Programming/Simulation/Images/ProcessWing.pdf, id=3001, 699.61375pt x 340.2712
6pt>
File: Programming/Simulation/Images/ProcessWing.pdf Graphic file (type pdf)
 <use Programming/Simulation/Images/ProcessWing.pdf>
Package pdftex.def Info: Programming/Simulation/Images/ProcessWing.pdf used on 
input line 178.
(pdftex.def)             Requested size: 398.33858pt x 193.74374pt.

<Programming/Simulation/Images/ProcessWing2.pdf, id=3003, 733.74126pt x 489.83p
t>
File: Programming/Simulation/Images/ProcessWing2.pdf Graphic file (type pdf)
 <use Programming/Simulation/Images/ProcessWing2.pdf>
Package pdftex.def Info: Programming/Simulation/Images/ProcessWing2.pdf used on
 input line 196.
(pdftex.def)             Requested size: 398.33858pt x 265.92435pt.

<Programming/Simulation/Images/ProcessWing3.pdf, id=3005, 598.235pt x 614.295pt
>
File: Programming/Simulation/Images/ProcessWing3.pdf Graphic file (type pdf)
 <use Programming/Simulation/Images/ProcessWing3.pdf>
Package pdftex.def Info: Programming/Simulation/Images/ProcessWing3.pdf used on
 input line 212.
(pdftex.def)             Requested size: 398.33858pt x 409.03532pt.
 [96 <./Programming/Simulation/Images/ProcessWing.pdf>]
Underfull \vbox (badness 3312) has occurred while \output is active []

 [97 <./Programming/Simulation/Images/ProcessWing2.pdf>] [98 <./Programming/Sim
ulation/Images/ProcessWing3.pdf>]
Underfull \vbox (badness 10000) has occurred while \output is active []

 [99]
Underfull \vbox (badness 10000) has occurred while \output is active []

 [100]
[101]
Underfull \vbox (badness 10000) has occurred while \output is active []

 [102]
Underfull \vbox (badness 10000) has occurred while \output is active []

 [103]
Underfull \vbox (badness 7451) has occurred while \output is active []

 [104]
<Programming/Simulation/Images/HistoryModels.pdf, id=3292, 352.31625pt x 262.98
25pt>
File: Programming/Simulation/Images/HistoryModels.pdf Graphic file (type pdf)
 <use Programming/Simulation/Images/HistoryModels.pdf>
Package pdftex.def Info: Programming/Simulation/Images/HistoryModels.pdf used o
n input line 537.
(pdftex.def)             Requested size: 227.62204pt x 169.9053pt.
 [105 <./Programming/Simulation/Images/HistoryModels.pdf>] [106] [107]
Underfull \vbox (badness 10000) has occurred while \output is active []

 [108])
[109]
\openout2 = `Programming/PrettyPrint/PrettyPrint.aux'.

 (./Programming/PrettyPrint/PrettyPrint.tex [110




]
Chapter 6.

Underfull \vbox (badness 1270) has occurred while \output is active []

 [111]
[112]
Underfull \vbox (badness 2285) has occurred while \output is active []

 [113]
<Programming/PrettyPrint/Images/Docs.pdf, id=3523, 571.13374pt x 365.365pt>
File: Programming/PrettyPrint/Images/Docs.pdf Graphic file (type pdf)

<use Programming/PrettyPrint/Images/Docs.pdf>
Package pdftex.def Info: Programming/PrettyPrint/Images/Docs.pdf used on input 
line 136.
(pdftex.def)             Requested size: 341.43306pt x 218.42346pt.
 [114 <./Programming/PrettyPrint/Images/Docs.pdf>] [115]
Underfull \vbox (badness 3049) has occurred while \output is active []

 [116]
<Programming/PrettyPrint/Images/Engine.pdf, id=3595, 583.17876pt x 336.25626pt>
File: Programming/PrettyPrint/Images/Engine.pdf Graphic file (type pdf)
<use Programming/PrettyPrint/Images/Engine.pdf>
Package pdftex.def Info: Programming/PrettyPrint/Images/Engine.pdf used on inpu
t line 284.
(pdftex.def)             Requested size: 341.43306pt x 196.87073pt.
 [117] [118 <./Programming/PrettyPrint/Images/Engine.pdf>]
Underfull \vbox (badness 10000) has occurred while \output is active []

 [119]
[120] [121] [122]
Underfull \vbox (badness 10000) has occurred while \output is active []

 [123]
[124]
Underfull \vbox (badness 3482) has occurred while \output is active []

 [125]
[126]
Underfull \vbox (badness 10000) has occurred while \output is active []

 [127]
Underfull \vbox (badness 10000) has occurred while \output is active []

 [128]
Underfull \vbox (badness 10000) has occurred while \output is active []

 [129]
Underfull \vbox (badness 10000) has occurred while \output is active []

 [130]
Underfull \vbox (badness 10000) has occurred while \output is active []

 [131])
[132]
\openout2 = `Programming/Teams/Teams.aux'.

 (./Programming/Teams/Teams.tex
Chapter 7.
<Programming/Teams/Images/Teamworking.pdf, id=4208, 722.7pt x 542.025pt>
File: Programming/Teams/Images/Teamworking.pdf Graphic file (type pdf)

<use Programming/Teams/Images/Teamworking.pdf>
Package pdftex.def Info: Programming/Teams/Images/Teamworking.pdf used on input
 line 34.
(pdftex.def)             Requested size: 341.43306pt x 256.07507pt.
 [133




] [134 <./Programming/Teams/Images/Teamworking.pdf>]
<Programming/Teams/Images/Trees.pdf, id=4228, 317.185pt x 363.3575pt>
File: Programming/Teams/Images/Trees.pdf Graphic file (type pdf)

<use Programming/Teams/Images/Trees.pdf>
Package pdftex.def Info: Programming/Teams/Images/Trees.pdf used on input line 
125.
(pdftex.def)             Requested size: 341.43306pt x 391.1672pt.

<Programming/Teams/Images/Process.pdf, id=4230, 722.7pt x 542.025pt>
File: Programming/Teams/Images/Process.pdf Graphic file (type pdf)

<use Programming/Teams/Images/Process.pdf>
Package pdftex.def Info: Programming/Teams/Images/Process.pdf used on input lin
e 145.
(pdftex.def)             Requested size: 341.43306pt x 256.07507pt.
 [135] [136 <./Programming/Teams/Images/Trees.pdf>]
<Programming/Teams/Images/Delta.pdf, id=4261, 712.6625pt x 466.74374pt>
File: Programming/Teams/Images/Delta.pdf Graphic file (type pdf)

<use Programming/Teams/Images/Delta.pdf>
Package pdftex.def Info: Programming/Teams/Images/Delta.pdf used on input line 
181.
(pdftex.def)             Requested size: 341.43306pt x 223.61426pt.
 [137 <./Programming/Teams/Images/Process.pdf>]
<Programming/Teams/Images/Snapshot1a.pdf, id=4274, 234.8775pt x 198.7425pt>
File: Programming/Teams/Images/Snapshot1a.pdf Graphic file (type pdf)

<use Programming/Teams/Images/Snapshot1a.pdf>
Package pdftex.def Info: Programming/Teams/Images/Snapshot1a.pdf used on input 
line 271.
(pdftex.def)             Requested size: 341.43306pt x 288.90614pt.

<Programming/Teams/Images/Snapshot1b.pdf, id=4275, 231.86626pt x 182.6825pt>
File: Programming/Teams/Images/Snapshot1b.pdf Graphic file (type pdf)

<use Programming/Teams/Images/Snapshot1b.pdf>
Package pdftex.def Info: Programming/Teams/Images/Snapshot1b.pdf used on input 
line 275.
(pdftex.def)             Requested size: 341.43306pt x 269.03062pt.


LaTeX Warning: Float too large for page by 13.07664pt on input line 279.

[138 <./Programming/Teams/Images/Delta.pdf>] [139] [140] [141 <./Programming/Te
ams/Images/Snapshot1a.pdf> <./Programming/Teams/Images/Snapshot1b.pdf>]
[142] [143] [144]
<Programming/Teams/Images/Snapshot2a.pdf, id=4447, 286.06876pt x 232.87pt>
File: Programming/Teams/Images/Snapshot2a.pdf Graphic file (type pdf)

<use Programming/Teams/Images/Snapshot2a.pdf>
Package pdftex.def Info: Programming/Teams/Images/Snapshot2a.pdf used on input 
line 537.
(pdftex.def)             Requested size: 341.43306pt x 277.94308pt.

<Programming/Teams/Images/Snapshot2b.pdf, id=4448, 537.00626pt x 311.1625pt>
File: Programming/Teams/Images/Snapshot2b.pdf Graphic file (type pdf)

<use Programming/Teams/Images/Snapshot2b.pdf>
Package pdftex.def Info: Programming/Teams/Images/Snapshot2b.pdf used on input 
line 541.
(pdftex.def)             Requested size: 341.43306pt x 197.83763pt.
 [145] [146] [147 <./Programming/Teams/Images/Snapshot2a.pdf> <./Programming/Te
ams/Images/Snapshot2b.pdf>]
<Programming/Teams/Images/Slice.pdf, id=4525, 455.7025pt x 287.0725pt>
File: Programming/Teams/Images/Slice.pdf Graphic file (type pdf)

<use Programming/Teams/Images/Slice.pdf>
Package pdftex.def Info: Programming/Teams/Images/Slice.pdf used on input line 
588.
(pdftex.def)             Requested size: 341.43306pt x 215.09358pt.

<Programming/Teams/Images/SliceEngine.pdf, id=4526, 575.14874pt x 389.455pt>
File: Programming/Teams/Images/SliceEngine.pdf Graphic file (type pdf)

<use Programming/Teams/Images/SliceEngine.pdf>
Package pdftex.def Info: Programming/Teams/Images/SliceEngine.pdf used on input
 line 592.
(pdftex.def)             Requested size: 341.43306pt x 231.20267pt.

<Programming/Teams/Images/SlicedSnapshot.pdf, id=4529, 301.125pt x 405.515pt>
File: Programming/Teams/Images/SlicedSnapshot.pdf Graphic file (type pdf)

<use Programming/Teams/Images/SlicedSnapshot.pdf>
Package pdftex.def Info: Programming/Teams/Images/SlicedSnapshot.pdf used on in
put line 673.
(pdftex.def)             Requested size: 341.43306pt x 459.84157pt.
 [148] [149 <./Programming/Teams/Images/Slice.pdf> <./Programming/Teams/Images/
SliceEngine.pdf>] [150]
[151 <./Programming/Teams/Images/SlicedSnapshot.pdf>]) [152] [153] [154]
[155



] [156]
\openout2 = `LanguageEngineering/DSLs/DSLs.aux'.

 (./LanguageEngineering/DSLs/DSLs.tex
Chapter 8.
[157



]
Underfull \vbox (badness 10000) has occurred while \output is active []

 [158]
Underfull \vbox (badness 7851) has occurred while \output is active []

 [159]
Overfull \hbox (1.63304pt too wide) in paragraph at lines 178--183
[]\OT1/ppl/m/n/12 Finally, note that the services-as-data ex-am-ple above in-vo
lves fur-ther boil-er-plate code.
 []

[160] [161]
<LanguageEngineering/DSLs/Images/Readers.jpg, id=4773, 663.47874pt x 361.35pt>
File: LanguageEngineering/DSLs/Images/Readers.jpg Graphic file (type jpg)

<use LanguageEngineering/DSLs/Images/Readers.jpg>
Package pdftex.def Info: LanguageEngineering/DSLs/Images/Readers.jpg used on in
put line 240.
(pdftex.def)             Requested size: 341.43306pt x 185.95673pt.

Underfull \vbox (badness 10000) has occurred while \output is active []

 [162 <./LanguageEngineering/DSLs/Images/Readers.jpg>] [163]
Underfull \vbox (badness 2384) has occurred while \output is active []

 [164]
[165] [166]
Underfull \vbox (badness 10000) has occurred while \output is active []

 [167]
[168]) [169]
\openout2 = `LanguageEngineering/DataModelling/DataModelling.aux'.

 (./LanguageEngineering/DataModelling/DataModelling.tex [170




]
Chapter 9.

<LanguageEngineering/DataModelling/Images/Records.pdf, id=5006, 292.09125pt x 1
67.62625pt>
File: LanguageEngineering/DataModelling/Images/Records.pdf Graphic file (type p
df)
 <use LanguageEngineering/DataModelling/Images/Records.pdf>
Package pdftex.def Info: LanguageEngineering/DataModelling/Images/Records.pdf u
sed on input line 30.
(pdftex.def)             Requested size: 341.43306pt x 195.96075pt.
 [171]
[172 <./LanguageEngineering/DataModelling/Images/Records.pdf>] [173]
Missing character: There is no £ in font pplr7t!
Missing character: There is no £ in font pplr7t!
Missing character: There is no £ in font pplr7t!

<LanguageEngineering/DataModelling/Images/Classifications.pdf, id=5054, 358.338
75pt x 363.3575pt>
File: LanguageEngineering/DataModelling/Images/Classifications.pdf Graphic file
 (type pdf)

<use LanguageEngineering/DataModelling/Images/Classifications.pdf>
Package pdftex.def Info: LanguageEngineering/DataModelling/Images/Classificatio
ns.pdf used on input line 142.
(pdftex.def)             Requested size: 341.43306pt x 346.23553pt.
 [174 <./LanguageEngineering/DataModelling/Images/Classifications.pdf>]
Underfull \vbox (badness 4467) has occurred while \output is active []

 [175]
[176]
LaTeX Font Info:    External font `cmex10' loaded for size
(Font)              <7> on input line 274.
LaTeX Font Info:    External font `cmex10' loaded for size
(Font)              <5> on input line 274.
) [177]
\openout2 = `LanguageEngineering/Graphs/Graphs.aux'.

 (./LanguageEngineering/Graphs/Graphs.tex [178




]
Chapter 10.

<LanguageEngineering/Graphs/Images/Graphs.pdf, id=5143, 400.49625pt x 306.14375
pt>
File: LanguageEngineering/Graphs/Images/Graphs.pdf Graphic file (type pdf)
 <use LanguageEngineering/Graphs/Images/Graphs.pdf>
Package pdftex.def Info: LanguageEngineering/Graphs/Images/Graphs.pdf used on i
nput line 25.
(pdftex.def)             Requested size: 341.43306pt x 261.0082pt.
 [179]
Underfull \vbox (badness 1199) has occurred while \output is active []

 [180 <./LanguageEngineering/Graphs/Images/Graphs.pdf>] [181] [182]
Underfull \vbox (badness 10000) has occurred while \output is active []

 [183]
Underfull \vbox (badness 1320) has occurred while \output is active []

 [184]
[185]) [186]
\openout2 = `LanguageEngineering/Comprehensions/Comprehensions.aux'.

 (./LanguageEngineering/Comprehensions/Comprehensions.tex
Chapter 11.

<LanguageEngineering/Comprehensions/Images/Tables.pdf, id=5333, 634.37pt x 406.
51875pt>
File: LanguageEngineering/Comprehensions/Images/Tables.pdf Graphic file (type p
df)
 <use LanguageEngineering/Comprehensions/Images/Tables.pdf>
Package pdftex.def Info: LanguageEngineering/Comprehensions/Images/Tables.pdf u
sed on input line 14.
(pdftex.def)             Requested size: 341.43306pt x 218.8035pt.

<LanguageEngineering/Comprehensions/Images/Paint.pdf, id=5336, 388.45125pt x 21
8.8175pt>
File: LanguageEngineering/Comprehensions/Images/Paint.pdf Graphic file (type pd
f)
 <use LanguageEngineering/Comprehensions/Images/Paint.pdf>
Package pdftex.def Info: LanguageEngineering/Comprehensions/Images/Paint.pdf us
ed on input line 43.
(pdftex.def)             Requested size: 341.43306pt x 192.33627pt.
 [187




]
[188 <./LanguageEngineering/Comprehensions/Images/Tables.pdf> <./LanguageEngine
ering/Comprehensions/Images/Paint.pdf>]
Underfull \vbox (badness 5091) has occurred while \output is active []

 [189]
[190]
<LanguageEngineering/Comprehensions/Images/Comprehensions.pdf, id=5425, 525.965
pt x 354.32375pt>
File: LanguageEngineering/Comprehensions/Images/Comprehensions.pdf Graphic file
 (type pdf)

<use LanguageEngineering/Comprehensions/Images/Comprehensions.pdf>
Package pdftex.def Info: LanguageEngineering/Comprehensions/Images/Comprehensio
ns.pdf used on input line 193.
(pdftex.def)             Requested size: 341.43306pt x 230.02115pt.
 [191]
[192 <./LanguageEngineering/Comprehensions/Images/Comprehensions.pdf>]
Overfull \hbox (12.86586pt too wide) in paragraph at lines 265--271
\OT1/ppl/m/n/12 Com-pre-hen-sions have of-ten been pro-posed as a con-struct su
it-able for per-form-ing database
 []

[193] [194])
Underfull \vbox (badness 10000) has occurred while \output is active []

 [195]
\openout2 = `LanguageEngineering/Conventional/Conventional.aux'.


(./LanguageEngineering/Conventional/Conventional.tex [196




]
Chapter 12.
[197] [198]
LaTeX Font Info:    Try loading font information for OMS+pcr on input line 100.

 (/usr/local/texlive/2012/texmf-dist/tex/latex/psnfss/omspcr.fd
File: omspcr.fd 
)
LaTeX Font Info:    Font shape `OMS/pcr/m/n' in size <12> not available
(Font)              Font shape `OMS/cmsy/m/n' tried instead on input line 100.

[199] [200]
Underfull \vbox (badness 10000) has occurred while \output is active []

 [201]
Underfull \vbox (badness 1558) has occurred while \output is active []

 [202]
Underfull \vbox (badness 10000) has occurred while \output is active []

 [203]
Underfull \vbox (badness 10000) has occurred while \output is active []

 [204]
[205]) [206]
\openout2 = `LanguageEngineering/BizRules/BizRules.aux'.

 (./LanguageEngineering/BizRules/BizRules.tex
Chapter 13.
[207




]
<LanguageEngineering/BizRules/Images/Companies.pdf, id=5904, 517.935pt x 285.06
5pt>
File: LanguageEngineering/BizRules/Images/Companies.pdf Graphic file (type pdf)

 <use LanguageEngineering/BizRules/Images/Companies.pdf>
Package pdftex.def Info: LanguageEngineering/BizRules/Images/Companies.pdf used
 on input line 59.
(pdftex.def)             Requested size: 341.43306pt x 187.93034pt.
 [208 <./LanguageEngineering/BizRules/Images/Companies.pdf>] [209] [210]
Underfull \vbox (badness 1895) has occurred while \output is active []

 [211]
Underfull \vbox (badness 10000) has occurred while \output is active []

 [212]
<LanguageEngineering/BizRules/Images/Rules.pdf, id=6044, 651.43375pt x 508.9012
5pt>
File: LanguageEngineering/BizRules/Images/Rules.pdf Graphic file (type pdf)
 <use LanguageEngineering/BizRules/Images/Rules.pdf>
Package pdftex.def Info: LanguageEngineering/BizRules/Images/Rules.pdf used on 
input line 311.
(pdftex.def)             Requested size: 341.43306pt x 266.73454pt.
 [213] [214 <./LanguageEngineering/BizRules/Images/Rules.pdf>]
<LanguageEngineering/BizRules/Images/Network.pdf, id=6099, 542.025pt x 524.9612
4pt>
File: LanguageEngineering/BizRules/Images/Network.pdf Graphic file (type pdf)
 <use LanguageEngineering/BizRules/Images/Network.pdf>
Package pdftex.def Info: LanguageEngineering/BizRules/Images/Network.pdf used o
n input line 394.
(pdftex.def)             Requested size: 341.43306pt x 330.6953pt.
 [215] [216 <./LanguageEngineering/BizRules/Images/Network.pdf>] [217]
<LanguageEngineering/BizRules/Images/Networks.pdf, id=6155, 708.6475pt x 596.22
75pt>
File: LanguageEngineering/BizRules/Images/Networks.pdf Graphic file (type pdf)
 <use LanguageEngineering/BizRules/Images/Networks.pdf>
Package pdftex.def Info: LanguageEngineering/BizRules/Images/Networks.pdf used 
on input line 481.
(pdftex.def)             Requested size: 341.43306pt x 287.26857pt.
 [218 <./LanguageEngineering/BizRules/Images/Networks.pdf>]
Underfull \vbox (badness 10000) has occurred while \output is active []

 [219]
Underfull \vbox (badness 10000) has occurred while \output is active []

 [220]
[221]
Underfull \vbox (badness 3482) has occurred while \output is active []

 [222]
Underfull \vbox (badness 10000) has occurred while \output is active []

 [223]
[224]
Underfull \vbox (badness 1253) has occurred while \output is active []

 [225]
Underfull \vbox (badness 7796) has occurred while \output is active []

 [226]
[227]
Underfull \vbox (badness 10000) has occurred while \output is active []

 [228]
[229]) [230]
\openout2 = `LanguageEngineering/MVC/MVC.aux'.

 (./LanguageEngineering/MVC/MVC.tex
Chapter 14.
<LanguageEngineering/MVC/Images/Sync.pdf, id=6579, 330.23375pt x 198.7425pt>
File: LanguageEngineering/MVC/Images/Sync.pdf Graphic file (type pdf)

<use LanguageEngineering/MVC/Images/Sync.pdf>
Package pdftex.def Info: LanguageEngineering/MVC/Images/Sync.pdf used on input 
line 23.
(pdftex.def)             Requested size: 341.43306pt x 205.48944pt.

<LanguageEngineering/MVC/Images/Models.pdf, id=6581, 475.7775pt x 353.32pt>
File: LanguageEngineering/MVC/Images/Models.pdf Graphic file (type pdf)

<use LanguageEngineering/MVC/Images/Models.pdf>
Package pdftex.def Info: LanguageEngineering/MVC/Images/Models.pdf used on inpu
t line 49.
(pdftex.def)             Requested size: 341.43306pt x 253.56534pt.
 [231




] [232 <./LanguageEngineering/MVC/Images/Sync.pdf> <./LanguageEngineering/MVC/I
mages/Models.pdf>]
<LanguageEngineering/MVC/Images/Example.pdf, id=6603, 146.5475pt x 175.65625pt>
File: LanguageEngineering/MVC/Images/Example.pdf Graphic file (type pdf)
<use LanguageEngineering/MVC/Images/Example.pdf>
Package pdftex.def Info: LanguageEngineering/MVC/Images/Example.pdf used on inp
ut line 80.
(pdftex.def)             Requested size: 341.43306pt x 409.29443pt.

<LanguageEngineering/MVC/Images/ModelSnapshot.pdf, id=6604, 454.69875pt x 310.1
5875pt>
File: LanguageEngineering/MVC/Images/ModelSnapshot.pdf Graphic file (type pdf)
 <use LanguageEngineering/MVC/Images/ModelSnapshot.pdf>
Package pdftex.def Info: LanguageEngineering/MVC/Images/ModelSnapshot.pdf used 
on input line 105.
(pdftex.def)             Requested size: 341.43306pt x 232.90244pt.

<LanguageEngineering/MVC/Images/Diagrams.pdf, id=6610, 420.57124pt x 381.425pt>
File: LanguageEngineering/MVC/Images/Diagrams.pdf Graphic file (type pdf)
<use LanguageEngineering/MVC/Images/Diagrams.pdf>
Package pdftex.def Info: LanguageEngineering/MVC/Images/Diagrams.pdf used on in
put line 134.
(pdftex.def)             Requested size: 341.43306pt x 309.65677pt.

<LanguageEngineering/MVC/Images/DiagramSnapshot.pdf, id=6611, 526.96875pt x 549
.05125pt>
File: LanguageEngineering/MVC/Images/DiagramSnapshot.pdf Graphic file (type pdf
)
 <use LanguageEngineering/MVC/Images/DiagramSnapshot.pdf>
Package pdftex.def Info: LanguageEngineering/MVC/Images/DiagramSnapshot.pdf use
d on input line 146.
(pdftex.def)             Requested size: 341.43306pt x 355.75645pt.

<LanguageEngineering/MVC/Images/Mappings.pdf, id=6614, 423.5825pt x 285.065pt>
File: LanguageEngineering/MVC/Images/Mappings.pdf Graphic file (type pdf)

<use LanguageEngineering/MVC/Images/Mappings.pdf>
Package pdftex.def Info: LanguageEngineering/MVC/Images/Mappings.pdf used on in
put line 176.
(pdftex.def)             Requested size: 341.43306pt x 229.78784pt.
 [233] [234 <./LanguageEngineering/MVC/Images/Example.pdf>] [235 <./LanguageEng
ineering/MVC/Images/ModelSnapshot.pdf>] [236 <./LanguageEngineering/MVC/Images/
Diagrams.pdf>] [237 <./LanguageEngineering/MVC/Images/DiagramSnapshot.pdf>]
<LanguageEngineering/MVC/Images/MappingSnapshot1.pdf, id=6662, 512.91624pt x 16
7.62625pt>
File: LanguageEngineering/MVC/Images/MappingSnapshot1.pdf Graphic file (type pd
f)
 <use LanguageEngineering/MVC/Images/MappingSnapshot1.pdf>
Package pdftex.def Info: LanguageEngineering/MVC/Images/MappingSnapshot1.pdf us
ed on input line 220.
(pdftex.def)             Requested size: 341.43306pt x 111.58514pt.

<LanguageEngineering/MVC/Images/MappingSnapshot2.pdf, id=6664, 611.28375pt x 46
2.72874pt>
File: LanguageEngineering/MVC/Images/MappingSnapshot2.pdf Graphic file (type pd
f)
 <use LanguageEngineering/MVC/Images/MappingSnapshot2.pdf>
Package pdftex.def Info: LanguageEngineering/MVC/Images/MappingSnapshot2.pdf us
ed on input line 239.
(pdftex.def)             Requested size: 341.43306pt x 258.45557pt.
 [238 <./LanguageEngineering/MVC/Images/Mappings.pdf> <./LanguageEngineering/MV
C/Images/MappingSnapshot1.pdf>]
Underfull \vbox (badness 1831) has occurred while \output is active []

 [239 <./LanguageEngineering/MVC/Images/MappingSnapshot2.pdf>] [240] [241] [242
] [243]
[244]
Underfull \vbox (badness 10000) has occurred while \output is active []

 [245])
[246]
\openout2 = `LanguageEngineering/TextFromModels/TextFromModels.aux'.

 (./LanguageEngineering/TextFromModels/TextFromModels.tex
Chapter 15.
[247




] [248] [249]
<LanguageEngineering/TextFromModels/Images/Classifier.pdf, id=6931, 479.7925pt 
x 544.0325pt>
File: LanguageEngineering/TextFromModels/Images/Classifier.pdf Graphic file (ty
pe pdf)
 <use LanguageEngineering/TextFromModels/Images/Classifier.pdf>
Package pdftex.def Info: LanguageEngineering/TextFromModels/Images/Classifier.p
df used on input line 170.
(pdftex.def)             Requested size: 341.43306pt x 387.154pt.

Overfull \hbox (7.05743pt too wide) in paragraph at lines 178--185
[]\OT1/ppl/m/n/12 In classTo-HTML no-tice how the ta-ble rows for each at-tribu
te are priduced by a dropped
 []

[250] [251 <./LanguageEngineering/TextFromModels/Images/Classifier.pdf>]
[252]
Underfull \vbox (badness 10000) has occurred while \output is active []

 [253]
[254]
<LanguageEngineering/TextFromModels/Images/StateMachine.pdf, id=7085, 712.6625p
t x 390.45876pt>
File: LanguageEngineering/TextFromModels/Images/StateMachine.pdf Graphic file (
type pdf)

<use LanguageEngineering/TextFromModels/Images/StateMachine.pdf>
Package pdftex.def Info: LanguageEngineering/TextFromModels/Images/StateMachine
.pdf used on input line 366.
(pdftex.def)             Requested size: 341.43306pt x 187.06654pt.

<LanguageEngineering/TextFromModels/Images/CodeElement.pdf, id=7086, 366.36874p
t x 347.2975pt>
File: LanguageEngineering/TextFromModels/Images/CodeElement.pdf Graphic file (t
ype pdf)

<use LanguageEngineering/TextFromModels/Images/CodeElement.pdf>
Package pdftex.def Info: LanguageEngineering/TextFromModels/Images/CodeElement.
pdf used on input line 382.
(pdftex.def)             Requested size: 341.43306pt x 323.67754pt.
 [255] [256 <./LanguageEngineering/TextFromModels/Images/StateMachine.pdf> <./L
anguageEngineering/TextFromModels/Images/CodeElement.pdf>] [257]
Underfull \vbox (badness 10000) has occurred while \output is active []

 [258]
Underfull \vbox (badness 10000) has occurred while \output is active []

 [259]
[260]
Underfull \vbox (badness 10000) has occurred while \output is active []

 [261]
Underfull \vbox (badness 7944) has occurred while \output is active []

 [262]
Underfull \vbox (badness 2213) has occurred while \output is active []

 [263]
[264]
Underfull \vbox (badness 10000) has occurred while \output is active []

 [265]
Underfull \vbox (badness 10000) has occurred while \output is active []

 [266])
[267]
\openout2 = `LanguageEngineering/DocComposition/DocComposition.aux'.

 (./LanguageEngineering/DocComposition/DocComposition.tex [268




]
Chapter 16.
[269]
<LanguageEngineering/DocComposition/Images/Controller.pdf, id=7536, 409.53pt x 
164.615pt>
File: LanguageEngineering/DocComposition/Images/Controller.pdf Graphic file (ty
pe pdf)
 <use LanguageEngineering/DocComposition/Images/Controller.pdf>
Package pdftex.def Info: LanguageEngineering/DocComposition/Images/Controller.p
df used on input line 75.
(pdftex.def)             Requested size: 341.43306pt x 137.25082pt.

<LanguageEngineering/DocComposition/Images/Accel.pdf, id=7538, 556.0775pt x 367
.3725pt>
File: LanguageEngineering/DocComposition/Images/Accel.pdf Graphic file (type pd
f)
 <use LanguageEngineering/DocComposition/Images/Accel.pdf>
Package pdftex.def Info: LanguageEngineering/DocComposition/Images/Accel.pdf us
ed on input line 94.
(pdftex.def)             Requested size: 341.43306pt x 225.57117pt.
 [270 <./LanguageEngineering/DocComposition/Images/Controller.pdf>] [271 <./Lan
guageEngineering/DocComposition/Images/Accel.pdf>] [272] [273]
Underfull \vbox (badness 10000) has occurred while \output is active []

 [274]
<LanguageEngineering/DocComposition/Images/Templates.pdf, id=7646, 992.70876pt 
x 312.16624pt>
File: LanguageEngineering/DocComposition/Images/Templates.pdf Graphic file (typ
e pdf)
 <use LanguageEngineering/DocComposition/Images/Templates.pdf>
Package pdftex.def Info: LanguageEngineering/DocComposition/Images/Templates.pd
f used on input line 280.
(pdftex.def)             Requested size: 341.43306pt x 107.36403pt.

[275] [276 <./LanguageEngineering/DocComposition/Images/Templates.pdf>]
Underfull \vbox (badness 10000) has occurred while \output is active []

 [277]
Underfull \vbox (badness 3838) has occurred while \output is active []

 [278]
Underfull \vbox (badness 5302) has occurred while \output is active []

 [279]
[280]
Underfull \vbox (badness 10000) has occurred while \output is active []

 [281]
Underfull \vbox (badness 10000) has occurred while \output is active []

 [282]
[283]
Underfull \vbox (badness 10000) has occurred while \output is active []

 [284]
<LanguageEngineering/DocComposition/Images/Pattern.pdf, id=7943, 629.35126pt x 
355.3275pt>
File: LanguageEngineering/DocComposition/Images/Pattern.pdf Graphic file (type 
pdf)
 <use LanguageEngineering/DocComposition/Images/Pattern.pdf>
Package pdftex.def Info: LanguageEngineering/DocComposition/Images/Pattern.pdf 
used on input line 741.
(pdftex.def)             Requested size: 341.43306pt x 192.76859pt.

[285] [286 <./LanguageEngineering/DocComposition/Images/Pattern.pdf>]
Underfull \vbox (badness 8151) has occurred while \output is active []

 [287]
Underfull \vbox (badness 2409) has occurred while \output is active []

 [288]
<LanguageEngineering/DocComposition/Images/Doc.pdf, id=8063, 620.3175pt x 511.9
125pt>
File: LanguageEngineering/DocComposition/Images/Doc.pdf Graphic file (type pdf)

 <use LanguageEngineering/DocComposition/Images/Doc.pdf>
Package pdftex.def Info: LanguageEngineering/DocComposition/Images/Doc.pdf used
 on input line 887.
(pdftex.def)             Requested size: 341.43306pt x 281.76364pt.
 [289 <./LanguageEngineering/DocComposition/Images/Doc.pdf>]
Underfull \vbox (badness 10000) has occurred while \output is active []

 [290]
Underfull \vbox (badness 1571) has occurred while \output is active []

 [291]
<LanguageEngineering/DocComposition/Images/Rule.pdf, id=8148, 399.4925pt x 473.
77pt>
File: LanguageEngineering/DocComposition/Images/Rule.pdf Graphic file (type pdf
)
 <use LanguageEngineering/DocComposition/Images/Rule.pdf>
Package pdftex.def Info: LanguageEngineering/DocComposition/Images/Rule.pdf use
d on input line 1018.
(pdftex.def)             Requested size: 341.43306pt x 404.93298pt.
 [292] [293 <./LanguageEngineering/DocComposition/Images/Rule.pdf>] [294] [295]
 [296]
Underfull \vbox (badness 3838) has occurred while \output is active []

 [297])
[298]
\openout2 = `LanguageEngineering/SECD/SECD.aux'.

 (./LanguageEngineering/SECD/SECD.tex
Chapter 17.
[299




]
<LanguageEngineering/SECD/Images/BasicCalculus.pdf, id=8325, 442.65375pt x 245.
91875pt>
File: LanguageEngineering/SECD/Images/BasicCalculus.pdf Graphic file (type pdf)

 <use LanguageEngineering/SECD/Images/BasicCalculus.pdf>
Package pdftex.def Info: LanguageEngineering/SECD/Images/BasicCalculus.pdf used
 on input line 93.
(pdftex.def)             Requested size: 341.43306pt x 189.69572pt.
 [300]
<LanguageEngineering/SECD/Images/BasicMachine.pdf, id=8344, 751.80875pt x 323.2
075pt>
File: LanguageEngineering/SECD/Images/BasicMachine.pdf Graphic file (type pdf)
 <use LanguageEngineering/SECD/Images/BasicMachine.pdf>
Package pdftex.def Info: LanguageEngineering/SECD/Images/BasicMachine.pdf used 
on input line 127.
(pdftex.def)             Requested size: 341.43306pt x 146.78839pt.

<LanguageEngineering/SECD/Images/BasicInstrs.pdf, id=8346, 277.035pt x 229.8587
5pt>
File: LanguageEngineering/SECD/Images/BasicInstrs.pdf Graphic file (type pdf)
 <use LanguageEngineering/SECD/Images/BasicInstrs.pdf>
Package pdftex.def Info: LanguageEngineering/SECD/Images/BasicInstrs.pdf used o
n input line 151.
(pdftex.def)             Requested size: 341.43306pt x 283.29276pt.
 [301 <./LanguageEngineering/SECD/Images/BasicCalculus.pdf>] [302 <./LanguageEn
gineering/SECD/Images/BasicMachine.pdf> <./LanguageEngineering/SECD/Images/Basi
cInstrs.pdf>]
Underfull \vbox (badness 10000) has occurred while \output is active []

 [303]
[304]
<LanguageEngineering/SECD/Images/ExtendedCalculus.pdf, id=8428, 452.69125pt x 2
26.8475pt>
File: LanguageEngineering/SECD/Images/ExtendedCalculus.pdf Graphic file (type p
df)
 <use LanguageEngineering/SECD/Images/ExtendedCalculus.pdf>
Package pdftex.def Info: LanguageEngineering/SECD/Images/ExtendedCalculus.pdf u
sed on input line 281.
(pdftex.def)             Requested size: 341.43306pt x 171.09401pt.
 [305 <./LanguageEngineering/SECD/Images/ExtendedCalculus.pdf>]) [306]
\openout2 = `LanguageEngineering/XML/XML.aux'.


(./LanguageEngineering/XML/XML.tex
Chapter 18.
[307




] <LanguageEngineering/XML/Images/Models.pdf, id=8476, 722.7pt x 377.41pt>
File: LanguageEngineering/XML/Images/Models.pdf Graphic file (type pdf)

<use LanguageEngineering/XML/Images/Models.pdf>
Package pdftex.def Info: LanguageEngineering/XML/Images/Models.pdf used on inpu
t line 49.
(pdftex.def)             Requested size: 341.43306pt x 178.30412pt.
 [308 <./LanguageEngineering/XML/Images/Models.pdf>]
<LanguageEngineering/XML/Images/Libraries.pdf, id=8499, 453.695pt x 546.04pt>
File: LanguageEngineering/XML/Images/Libraries.pdf Graphic file (type pdf)

<use LanguageEngineering/XML/Images/Libraries.pdf>
Package pdftex.def Info: LanguageEngineering/XML/Images/Libraries.pdf used on i
nput line 111.
(pdftex.def)             Requested size: 341.43306pt x 410.92874pt.
 [309] [310 <./LanguageEngineering/XML/Images/Libraries.pdf>]
<LanguageEngineering/XML/Images/PrintXML.pdf, id=8531, 530.98375pt x 404.51125p
t>
File: LanguageEngineering/XML/Images/PrintXML.pdf Graphic file (type pdf)
 <use LanguageEngineering/XML/Images/PrintXML.pdf>
Package pdftex.def Info: LanguageEngineering/XML/Images/PrintXML.pdf used on in
put line 178.
(pdftex.def)             Requested size: 341.43306pt x 260.11461pt.
 [311] [312 <./LanguageEngineering/XML/Images/PrintXML.pdf>] [313]
Overfull \hbox (18.7335pt too wide) in paragraph at lines 277--280
\OT1/ppl/m/n/12 Each of the XML nodes is desug-ared and se-quenced us-ing the '
;' op-er-a-tor. The Text::desugar
 []

[314] [315]
Underfull \vbox (badness 1377) has occurred while \output is active []

 [316]
[317]
Underfull \vbox (badness 10000) has occurred while \output is active []

 [318]
Underfull \vbox (badness 10000) has occurred while \output is active []

 [319]
[320] [321] [322] [323]
Underfull \vbox (badness 10000) has occurred while \output is active []

 [324]
Underfull \vbox (badness 10000) has occurred while \output is active []

 [325]
[326]
Underfull \vbox (badness 10000) has occurred while \output is active []

 [327])
[328]
\openout2 = `LanguageEngineering/Interactive/Interactive.aux'.

 (./LanguageEngineering/Interactive/Interactive.tex
Chapter 19.
[329




]
<LanguageEngineering/Interactive/Images/Architecture.pdf, id=9085, 722.7pt x 54
2.025pt>
File: LanguageEngineering/Interactive/Images/Architecture.pdf Graphic file (typ
e pdf)
 <use LanguageEngineering/Interactive/Images/Architecture.pdf>
Package pdftex.def Info: LanguageEngineering/Interactive/Images/Architecture.pd
f used on input line 77.
(pdftex.def)             Requested size: 341.43306pt x 256.07507pt.

Overfull \hbox (9.31422pt too wide) in paragraph at lines 114--122
\OT1/ppl/m/n/12 based upon a num-ber of ren-der-ing en-gines based on var-i-ous
 fea-tures of Eclipse: browsers,
 []

[330] [331 <./LanguageEngineering/Interactive/Images/Architecture.pdf>]
Underfull \vbox (badness 2205) has occurred while \output is active []

 [332]
[333]
Underfull \vbox (badness 10000) has occurred while \output is active []

 [334]
<LanguageEngineering/Interactive/Images/Models.pdf, id=9203, 598.235pt x 230.86
25pt>
File: LanguageEngineering/Interactive/Images/Models.pdf Graphic file (type pdf)

 <use LanguageEngineering/Interactive/Images/Models.pdf>
Package pdftex.def Info: LanguageEngineering/Interactive/Images/Models.pdf used
 on input line 305.
(pdftex.def)             Requested size: 341.43306pt x 131.76207pt.

<LanguageEngineering/Interactive/Images/Properties.pdf, id=9204, 419.5675pt x 1
43.53625pt>
File: LanguageEngineering/Interactive/Images/Properties.pdf Graphic file (type 
pdf)
 <use LanguageEngineering/Interactive/Images/Properties.pdf>
Package pdftex.def Info: LanguageEngineering/Interactive/Images/Properties.pdf 
used on input line 317.
(pdftex.def)             Requested size: 341.43306pt x 116.80688pt.

<LanguageEngineering/Interactive/Images/Screen.pdf, id=9207, 394.47375pt x 216.
81pt>
File: LanguageEngineering/Interactive/Images/Screen.pdf Graphic file (type pdf)

 <use LanguageEngineering/Interactive/Images/Screen.pdf>
Package pdftex.def Info: LanguageEngineering/Interactive/Images/Screen.pdf used
 on input line 337.
(pdftex.def)             Requested size: 341.43306pt x 187.65717pt.

<LanguageEngineering/Interactive/Images/Displays.pdf, id=9208, 860.21375pt x 42
2.57875pt>
File: LanguageEngineering/Interactive/Images/Displays.pdf Graphic file (type pd
f)
 <use LanguageEngineering/Interactive/Images/Displays.pdf>
Package pdftex.def Info: LanguageEngineering/Interactive/Images/Displays.pdf us
ed on input line 349.
(pdftex.def)             Requested size: 341.43306pt x 167.73245pt.
 [335 <./LanguageEngineering/Interactive/Images/Models.pdf>] [336 <./LanguageEn
gineering/Interactive/Images/Properties.pdf> <./LanguageEngineering/Interactive
/Images/Screen.pdf> <./LanguageEngineering/Interactive/Images/Displays.pdf>]
<LanguageEngineering/Interactive/Images/Menus.pdf, id=9245, 479.7925pt x 237.88
875pt>
File: LanguageEngineering/Interactive/Images/Menus.pdf Graphic file (type pdf)
 <use LanguageEngineering/Interactive/Images/Menus.pdf>
Package pdftex.def Info: LanguageEngineering/Interactive/Images/Menus.pdf used 
on input line 384.
(pdftex.def)             Requested size: 341.43306pt x 169.29057pt.

<LanguageEngineering/Interactive/Images/Actions.pdf, id=9246, 607.26875pt x 358
.33875pt>
File: LanguageEngineering/Interactive/Images/Actions.pdf Graphic file (type pdf
)
 <use LanguageEngineering/Interactive/Images/Actions.pdf>
Package pdftex.def Info: LanguageEngineering/Interactive/Images/Actions.pdf use
d on input line 395.
(pdftex.def)             Requested size: 341.43306pt x 201.47757pt.
 [337 <./LanguageEngineering/Interactive/Images/Menus.pdf>] [338 <./LanguageEng
ineering/Interactive/Images/Actions.pdf>] [339] [340]
Underfull \vbox (badness 1320) has occurred while \output is active []

 [341]
Underfull \vbox (badness 10000) has occurred while \output is active []

 [342]
<LanguageEngineering/Interactive/Images/Engine.pdf, id=9434, 628.3475pt x 328.2
2626pt>
File: LanguageEngineering/Interactive/Images/Engine.pdf Graphic file (type pdf)

 <use LanguageEngineering/Interactive/Images/Engine.pdf>
Package pdftex.def Info: LanguageEngineering/Interactive/Images/Engine.pdf used
 on input line 644.
(pdftex.def)             Requested size: 341.43306pt x 178.35138pt.
 [343 <./LanguageEngineering/Interactive/Images/Engine.pdf>]
Underfull \vbox (badness 10000) has occurred while \output is active []

 [344]
Underfull \vbox (badness 3590) has occurred while \output is active []

 [345]
[346]
Underfull \vbox (badness 1072) has occurred while \output is active []

 [347]
[348] [349]
Underfull \vbox (badness 3590) has occurred while \output is active []

 [350]
<LanguageEngineering/Interactive/Images/Serialized.pdf, id=9666, 688.5725pt x 5
11.9125pt>
File: LanguageEngineering/Interactive/Images/Serialized.pdf Graphic file (type 
pdf)
 <use LanguageEngineering/Interactive/Images/Serialized.pdf>
Package pdftex.def Info: LanguageEngineering/Interactive/Images/Serialized.pdf 
used on input line 1012.
(pdftex.def)             Requested size: 341.43306pt x 253.831pt.
 [351]
[352 <./LanguageEngineering/Interactive/Images/Serialized.pdf>]) [353]
\openout2 = `LanguageEngineering/Choice/Choice.aux'.


(./LanguageEngineering/Choice/Choice.tex [354




]
Chapter 20.
[355] [356] [357]
<LanguageEngineering/Choice/Images/Sacks.pdf, id=9777, 722.7pt x 542.025pt>
File: LanguageEngineering/Choice/Images/Sacks.pdf Graphic file (type pdf)

<use LanguageEngineering/Choice/Images/Sacks.pdf>
Package pdftex.def Info: LanguageEngineering/Choice/Images/Sacks.pdf used on in
put line 150.
(pdftex.def)             Requested size: 341.43306pt x 256.07507pt.
 [358 <./LanguageEngineering/Choice/Images/Sacks.pdf>]
Underfull \vbox (badness 3049) has occurred while \output is active []

 [359]
[360]
<LanguageEngineering/Choice/Images/UK.pdf, id=9856, 1051.93pt x 914.41624pt>
File: LanguageEngineering/Choice/Images/UK.pdf Graphic file (type pdf)

<use LanguageEngineering/Choice/Images/UK.pdf>
Package pdftex.def Info: LanguageEngineering/Choice/Images/UK.pdf used on input
 line 278.
(pdftex.def)             Requested size: 341.43306pt x 296.80502pt.


LaTeX Warning: Reference `sub:Graphs' on page 361 undefined on input line 288.

[361 <./LanguageEngineering/Choice/Images/UK.pdf>]
Underfull \vbox (badness 10000) has occurred while \output is active []

 [362]
[363] [364]
<LanguageEngineering/Choice/Images/Goal.pdf, id=9978, 150.5625pt x 143.53625pt>
File: LanguageEngineering/Choice/Images/Goal.pdf Graphic file (type pdf)
<use LanguageEngineering/Choice/Images/Goal.pdf>
Package pdftex.def Info: LanguageEngineering/Choice/Images/Goal.pdf used on inp
ut line 458.
(pdftex.def)             Requested size: 142.26378pt x 135.63808pt.

<LanguageEngineering/Choice/Images/SubGoals.pdf, id=9979, 451.6875pt x 273.02pt
>
File: LanguageEngineering/Choice/Images/SubGoals.pdf Graphic file (type pdf)
 <use LanguageEngineering/Choice/Images/SubGoals.pdf>
Package pdftex.def Info: LanguageEngineering/Choice/Images/SubGoals.pdf used on
 input line 466.
(pdftex.def)             Requested size: 142.26378pt x 85.98926pt.

<LanguageEngineering/Choice/Images/Tactics.pdf, id=9980, 615.29875pt x 350.3087
5pt>
File: LanguageEngineering/Choice/Images/Tactics.pdf Graphic file (type pdf)
 <use LanguageEngineering/Choice/Images/Tactics.pdf>
Package pdftex.def Info: LanguageEngineering/Choice/Images/Tactics.pdf used on 
input line 475.
(pdftex.def)             Requested size: 142.26378pt x 80.9916pt.
 [365 <./LanguageEngineering/Choice/Images/Goal.pdf> <./LanguageEngineering/Cho
ice/Images/SubGoals.pdf>]
<LanguageEngineering/Choice/Images/Units.pdf, id=9996, 553.06625pt x 395.4775pt
>
File: LanguageEngineering/Choice/Images/Units.pdf Graphic file (type pdf)
 <use LanguageEngineering/Choice/Images/Units.pdf>
Package pdftex.def Info: LanguageEngineering/Choice/Images/Units.pdf used on in
put line 483.
(pdftex.def)             Requested size: 142.26378pt x 101.72343pt.

<LanguageEngineering/Choice/Images/BMMModel.pdf, id=9997, 590.205pt x 340.27126
pt>
File: LanguageEngineering/Choice/Images/BMMModel.pdf Graphic file (type pdf)
 <use LanguageEngineering/Choice/Images/BMMModel.pdf>
Package pdftex.def Info: LanguageEngineering/Choice/Images/BMMModel.pdf used on
 input line 504.
(pdftex.def)             Requested size: 341.43306pt x 196.84863pt.

<LanguageEngineering/Choice/Images/Results.pdf, id=9998, 444.66125pt x 268.0012
5pt>
File: LanguageEngineering/Choice/Images/Results.pdf Graphic file (type pdf)
 <use LanguageEngineering/Choice/Images/Results.pdf>
Package pdftex.def Info: LanguageEngineering/Choice/Images/Results.pdf used on 
input line 516.
(pdftex.def)             Requested size: 341.43306pt x 205.78499pt.
 [366 <./LanguageEngineering/Choice/Images/Tactics.pdf> <./LanguageEngineering/
Choice/Images/Units.pdf>] [367 <./LanguageEngineering/Choice/Images/BMMModel.pd
f> <./LanguageEngineering/Choice/Images/Results.pdf>] [368]
Underfull \vbox (badness 10000) has occurred while \output is active []

 [369]
Underfull \vbox (badness 10000) has occurred while \output is active []

 [370]
Underfull \vbox (badness 10000) has occurred while \output is active []

 [371]
Underfull \vbox (badness 1694) has occurred while \output is active []

 [372]
[373]) [374]
\openout2 = `LanguageEngineering/Commands/Commands.aux'.

 (./LanguageEngineering/Commands/Commands.tex
Chapter 21.
[375




] [376] [377] [378] [379]
Underfull \vbox (badness 4927) has occurred while \output is active []

 [380]
[381] [382] [383] [384]
Underfull \vbox (badness 10000) has occurred while \output is active []

 [385]
Underfull \vbox (badness 10000) has occurred while \output is active []

 [386]
[387] [388]
Underfull \vbox (badness 1448) has occurred while \output is active []

 [389]
[390]
Underfull \vbox (badness 10000) has occurred while \output is active []

 [391]
[392]
Underfull \vbox (badness 10000) has occurred while \output is active []

 [393]
<LanguageEngineering/Commands/Images/Program.pdf, id=10844, 327.2225pt x 581.17
125pt>
File: LanguageEngineering/Commands/Images/Program.pdf Graphic file (type pdf)
 <use LanguageEngineering/Commands/Images/Program.pdf>
Package pdftex.def Info: LanguageEngineering/Commands/Images/Program.pdf used o
n input line 836.
(pdftex.def)             Requested size: 341.43306pt x 606.408pt.


LaTeX Warning: Float too large for page by 27.25804pt on input line 841.


Overfull \hbox (3.2424pt too wide) in paragraph at lines 844--858
[]\OT1/ppl/m/n/12 Figure []21.1[]shows an ex-am-ple flow graph cor-re-spond-ing
 to the orig-i-nal ex-am-ple XCom
 []

[394] [395 <./LanguageEngineering/Commands/Images/Program.pdf>]
<LanguageEngineering/Commands/Images/P.pdf, id=10885, 313.17pt x 268.00125pt>
File: LanguageEngineering/Commands/Images/P.pdf Graphic file (type pdf)

<use LanguageEngineering/Commands/Images/P.pdf>
Package pdftex.def Info: LanguageEngineering/Commands/Images/P.pdf used on inpu
t line 926.
(pdftex.def)             Requested size: 341.43306pt x 292.19734pt.
 [396] [397 <./LanguageEngineering/Commands/Images/P.pdf>]
<LanguageEngineering/Commands/Images/W.pdf, id=10922, 580.1675pt x 292.09125pt>
File: LanguageEngineering/Commands/Images/W.pdf Graphic file (type pdf)
<use LanguageEngineering/Commands/Images/W.pdf>
Package pdftex.def Info: LanguageEngineering/Commands/Images/W.pdf used on inpu
t line 964.
(pdftex.def)             Requested size: 341.43306pt x 171.90001pt.

Underfull \vbox (badness 10000) has occurred while \output is active []

 [398 <./LanguageEngineering/Commands/Images/W.pdf>]
<LanguageEngineering/Commands/Images/C.pdf, id=10954, 566.115pt x 336.25626pt>
File: LanguageEngineering/Commands/Images/C.pdf Graphic file (type pdf)

<use LanguageEngineering/Commands/Images/C.pdf>
Package pdftex.def Info: LanguageEngineering/Commands/Images/C.pdf used on inpu
t line 1011.
(pdftex.def)             Requested size: 341.43306pt x 202.80713pt.

Underfull \vbox (badness 10000) has occurred while \output is active []

 [399 <./LanguageEngineering/Commands/Images/C.pdf>] [400]) [401]
\openout2 = `Appendix/Implementation/Implementation.aux'.


(./Appendix/Implementation/Implementation.tex [402




]
Appendix A.

Underfull \vbox (badness 1152) has occurred while \output is active []

 [403]
[404] [405] [406]
Overfull \hbox (9.446pt too wide) in paragraph at lines 197--202
[]\OT1/ppl/m/n/12 -arg \OT1/pcr/m/n/12 <NAME>:<VALUE> \OT1/ppl/m/n/12 The globa
l ob-ject named xmf con-tains a col-lec-tion of name/-
 []

[407] [408] [409] [410] [411] [412] [413]
<Appendix/Images/Atomic.jpg, id=11326, 645.41125pt x 433.62pt>
File: Appendix/Images/Atomic.jpg Graphic file (type jpg)

<use Appendix/Images/Atomic.jpg>
Package pdftex.def Info: Appendix/Images/Atomic.jpg used on input line 487.
(pdftex.def)             Requested size: 387.24974pt x 260.17401pt.

<Appendix/Images/Pattern.jpg, id=11327, 725.71124pt x 459.7175pt>
File: Appendix/Images/Pattern.jpg Graphic file (type jpg)

<use Appendix/Images/Pattern.jpg>
Package pdftex.def Info: Appendix/Images/Pattern.jpg used on input line 494.
(pdftex.def)             Requested size: 544.2821pt x 344.78728pt.

<Appendix/Images/Let.jpg, id=11330, 367.3725pt x 347.2975pt>
File: Appendix/Images/Let.jpg Graphic file (type jpg)

<use Appendix/Images/Let.jpg>
Package pdftex.def Info: Appendix/Images/Let.jpg used on input line 511.
(pdftex.def)             Requested size: 275.52869pt x 260.47247pt.

<Appendix/Images/Iteration.jpg, id=11331, 749.80125pt x 449.68pt>
File: Appendix/Images/Iteration.jpg Graphic file (type jpg)

<use Appendix/Images/Iteration.jpg>
Package pdftex.def Info: Appendix/Images/Iteration.jpg used on input line 518.
(pdftex.def)             Requested size: 562.34956pt x 337.25917pt.

<Appendix/Images/Ops.jpg, id=11334, 864.22874pt x 549.05125pt>
File: Appendix/Images/Ops.jpg Graphic file (type jpg)

<use Appendix/Images/Ops.jpg>
Package pdftex.def Info: Appendix/Images/Ops.jpg used on input line 534.
(pdftex.def)             Requested size: 648.16997pt x 411.78743pt.


LaTeX Warning: Float too large for page by 56.02pt on input line 536.

[414 <./Appendix/Images/Atomic.jpg>] [415 <./Appendix/Images/Pattern.jpg>]
<Appendix/Images/Update.jpg, id=11348, 620.3175pt x 419.5675pt>
File: Appendix/Images/Update.jpg Graphic file (type jpg)

<use Appendix/Images/Update.jpg>
Package pdftex.def Info: Appendix/Images/Update.jpg used on input line 541.
(pdftex.def)             Requested size: 465.23698pt x 314.67485pt.

<Appendix/Images/Misc.jpg, id=11351, 630.355pt x 513.92pt>
File: Appendix/Images/Misc.jpg Graphic file (type jpg)

<use Appendix/Images/Misc.jpg>
Package pdftex.def Info: Appendix/Images/Misc.jpg used on input line 554.
(pdftex.def)             Requested size: 472.76509pt x 385.43904pt.
) [416 <./Appendix/Images/Let.jpg>] [417 <./Appendix/Images/Iteration.jpg>] [41
8 <./Appendix/Images/Ops.jpg>] [419 <./Appendix/Images/Update.jpg>] [420 <./App
endix/Images/Misc.jpg>]
Package atveryend Info: Empty hook `BeforeClearDocument' on input line 143.
Package atveryend Info: Empty hook `AfterLastShipout' on input line 143.
 (./book.aux
(./Introduction/Introduction.aux) (./XMF/Languages/Languages.aux)
(./XMF/XOCL/XOCL.aux) (./XMF/Grammar/Grammars.aux)
(./Programming/Simulation/Simulation.aux)
(./Programming/PrettyPrint/PrettyPrint.aux) (./Programming/Teams/Teams.aux)
(./LanguageEngineering/DSLs/DSLs.aux)
(./LanguageEngineering/DataModelling/DataModelling.aux)
(./LanguageEngineering/Graphs/Graphs.aux)
(./LanguageEngineering/Comprehensions/Comprehensions.aux)
(./LanguageEngineering/Conventional/Conventional.aux)
(./LanguageEngineering/BizRules/BizRules.aux)
(./LanguageEngineering/MVC/MVC.aux)
(./LanguageEngineering/TextFromModels/TextFromModels.aux)
(./LanguageEngineering/DocComposition/DocComposition.aux)
(./LanguageEngineering/SECD/SECD.aux) (./LanguageEngineering/XML/XML.aux)
(./LanguageEngineering/Interactive/Interactive.aux)
(./LanguageEngineering/Choice/Choice.aux)
(./LanguageEngineering/Commands/Commands.aux)
(./Appendix/Implementation/Implementation.aux))
Package atveryend Info: Executing hook `AtVeryEndDocument' on input line 143.
Package atveryend Info: Executing hook `AtEndAfterFileList' on input line 143.
Package rerunfilecheck Info: File `book.out' has not changed.
(rerunfilecheck)             Checksum: ADBD0F3F1E67C5E3F3949925DA836263;11649.


LaTeX Warning: There were undefined references.

Package atveryend Info: Empty hook `AtVeryVeryEnd' on input line 143.
 ) 
Here is how much of TeX's memory you used:
 19299 strings out of 493488
 312339 string characters out of 3141326
 752118 words of memory out of 3000000
 13682 multiletter control sequences out of 15000+200000
 34150 words of font info for 69 fonts, out of 3000000 for 9000
 957 hyphenation exceptions out of 8191
 40i,13n,56p,611b,1766s stack positions out of 5000i,500n,10000p,200000b,50000s
{/usr/local/texlive/2012/texmf-dist/fonts/enc/dvips/base/8r.enc}</usr/local/t
exlive/2012/texmf-dist/fonts/type1/public/amsfonts/cm/cmsy10.pfb></usr/local/te
xlive/2012/texmf-dist/fonts/type1/urw/courier/ucrb8a.pfb></usr/local/texlive/20
12/texmf-dist/fonts/type1/urw/courier/ucrr8a.pfb></usr/local/texlive/2012/texmf
-dist/fonts/type1/urw/courier/ucrro8a.pfb></usr/local/texlive/2012/texmf-dist/f
onts/type1/urw/helvetic/uhvb8a.pfb></usr/local/texlive/2012/texmf-dist/fonts/ty
pe1/urw/helvetic/uhvr8a.pfb></usr/local/texlive/2012/texmf-dist/fonts/type1/urw
/palatino/uplb8a.pfb></usr/local/texlive/2012/texmf-dist/fonts/type1/urw/palati
no/uplr8a.pfb></usr/local/texlive/2012/texmf-dist/fonts/type1/urw/palatino/uplr
i8a.pfb>
Output written on book.pdf (428 pages, 3399091 bytes).
PDF statistics:
 13152 PDF objects out of 15390 (max. 8388607)
 12399 compressed objects within 124 object streams
 8521 named destinations out of 8907 (max. 500000)
 1888 words of extra memory for PDF output out of 10000 (max. 10000000)

