\BOOKMARK [0][-]{chapter.1}{Introduction}{}% 1
\BOOKMARK [1][-]{section.1.1}{The Representation Chasm}{chapter.1}% 2
\BOOKMARK [1][-]{section.1.2}{Super-Languages}{chapter.1}% 3
\BOOKMARK [2][-]{subsection.1.2.1}{Usability}{section.1.2}% 4
\BOOKMARK [2][-]{subsection.1.2.2}{Expressiveness}{section.1.2}% 5
\BOOKMARK [2][-]{subsection.1.2.3}{Extensibility}{section.1.2}% 6
\BOOKMARK [1][-]{section.1.3}{The Pros and Cons of Super-Languages}{chapter.1}% 7
\BOOKMARK [1][-]{section.1.4}{Related Concepts}{chapter.1}% 8
\BOOKMARK [1][-]{section.1.5}{Examples of Super-Languages}{chapter.1}% 9
\BOOKMARK [1][-]{section.1.6}{The Super-language XMF}{chapter.1}% 10
\BOOKMARK [1][-]{section.1.7}{Guide to Book}{chapter.1}% 11
\BOOKMARK [1][-]{section.1.8}{References:}{chapter.1}% 12
\BOOKMARK [-1][-]{part.1}{XMF}{}% 13
\BOOKMARK [0][-]{chapter.2}{Languages}{part.1}% 14
\BOOKMARK [1][-]{section.2.1}{Everything is an Element}{chapter.2}% 15
\BOOKMARK [1][-]{section.2.2}{Indexing Things}{chapter.2}% 16
\BOOKMARK [1][-]{section.2.3}{Naming Things and Looking Them Up}{chapter.2}% 17
\BOOKMARK [1][-]{section.2.4}{Classifying Things}{chapter.2}% 18
\BOOKMARK [1][-]{section.2.5}{Collections of Things}{chapter.2}% 19
\BOOKMARK [1][-]{section.2.6}{Classifying Objects}{chapter.2}% 20
\BOOKMARK [1][-]{section.2.7}{Performing Things}{chapter.2}% 21
\BOOKMARK [0][-]{chapter.3}{The Executable Object Command Language \(XOCL\)}{part.1}% 22
\BOOKMARK [1][-]{section.3.1}{Working With Basic Elements}{chapter.3}% 23
\BOOKMARK [1][-]{section.3.2}{Tables}{chapter.3}% 24
\BOOKMARK [1][-]{section.3.3}{Sets}{chapter.3}% 25
\BOOKMARK [1][-]{section.3.4}{Sequences}{chapter.3}% 26
\BOOKMARK [1][-]{section.3.5}{A-Lists}{chapter.3}% 27
\BOOKMARK [1][-]{section.3.6}{Iteration Expressions}{chapter.3}% 28
\BOOKMARK [1][-]{section.3.7}{Variables and Scope}{chapter.3}% 29
\BOOKMARK [1][-]{section.3.8}{Loops}{chapter.3}% 30
\BOOKMARK [1][-]{section.3.9}{Operations}{chapter.3}% 31
\BOOKMARK [1][-]{section.3.10}{Exception Handling}{chapter.3}% 32
\BOOKMARK [1][-]{section.3.11}{Patterns}{chapter.3}% 33
\BOOKMARK [1][-]{section.3.12}{Working with Syntax}{chapter.3}% 34
\BOOKMARK [1][-]{section.3.13}{Quasi-Quotes and Lifting}{chapter.3}% 35
\BOOKMARK [0][-]{chapter.4}{Grammars}{part.1}% 36
\BOOKMARK [1][-]{section.4.1}{Parsing and Syntheisizing}{chapter.4}% 37
\BOOKMARK [1][-]{section.4.2}{Sequences of Elements}{chapter.4}% 38
\BOOKMARK [1][-]{section.4.3}{Specializing Grammars}{chapter.4}% 39
\BOOKMARK [1][-]{section.4.4}{Synthesizing Syntax}{chapter.4}% 40
\BOOKMARK [1][-]{section.4.5}{Simple Language Constructs}{chapter.4}% 41
\BOOKMARK [2][-]{subsection.4.5.1}{When}{section.4.5}% 42
\BOOKMARK [2][-]{subsection.4.5.2}{Cond}{section.4.5}% 43
\BOOKMARK [2][-]{subsection.4.5.3}{Classes and Packages}{section.4.5}% 44
\BOOKMARK [2][-]{subsection.4.5.4}{Operations}{section.4.5}% 45
\BOOKMARK [2][-]{subsection.4.5.5}{Enum}{section.4.5}% 46
\BOOKMARK [1][-]{section.4.6}{Looping Constructs}{chapter.4}% 47
\BOOKMARK [1][-]{section.4.7}{XBNF}{chapter.4}% 48
\BOOKMARK [-1][-]{part.2}{Programming Examples}{}% 49
\BOOKMARK [0][-]{chapter.5}{Executable Models and Simulation}{part.2}% 50
\BOOKMARK [1][-]{section.5.1}{A Job-Shop Simulation}{chapter.5}% 51
\BOOKMARK [1][-]{section.5.2}{Job-Shop Implementation}{chapter.5}% 52
\BOOKMARK [1][-]{section.5.3}{Conflict Analysis}{chapter.5}% 53
\BOOKMARK [0][-]{chapter.6}{Pretty Printing}{part.2}% 54
\BOOKMARK [1][-]{section.6.1}{Example Printing}{chapter.6}% 55
\BOOKMARK [1][-]{section.6.2}{A Document Model}{chapter.6}% 56
\BOOKMARK [1][-]{section.6.3}{A Pretty Printing Machine}{chapter.6}% 57
\BOOKMARK [1][-]{section.6.4}{Machine Implementation}{chapter.6}% 58
\BOOKMARK [1][-]{section.6.5}{A Document Mapping}{chapter.6}% 59
\BOOKMARK [0][-]{chapter.7}{Teamworking}{part.2}% 60
\BOOKMARK [1][-]{section.7.1}{Overview}{chapter.7}% 61
\BOOKMARK [1][-]{section.7.2}{Overview of the Proposed Approach}{chapter.7}% 62
\BOOKMARK [1][-]{section.7.3}{The Delta Machine}{chapter.7}% 63
\BOOKMARK [1][-]{section.7.4}{Model Comparison}{chapter.7}% 64
\BOOKMARK [1][-]{section.7.5}{Model Slices}{chapter.7}% 65
\BOOKMARK [1][-]{section.7.6}{Conflicts}{chapter.7}% 66
\BOOKMARK [-1][-]{part.3}{Language Engineering}{}% 67
\BOOKMARK [0][-]{chapter.8}{Domain Specific Languages}{part.3}% 68
\BOOKMARK [1][-]{section.8.1}{Software Frameworks and Domain Specific Languages}{chapter.8}% 69
\BOOKMARK [1][-]{section.8.2}{Example Application}{chapter.8}% 70
\BOOKMARK [1][-]{section.8.3}{Abstract Syntax}{chapter.8}% 71
\BOOKMARK [1][-]{section.8.4}{Implementation}{chapter.8}% 72
\BOOKMARK [2][-]{subsection.8.4.1}{Embedded}{section.8.4}% 73
\BOOKMARK [2][-]{subsection.8.4.2}{Translational}{section.8.4}% 74
\BOOKMARK [1][-]{section.8.5}{Concrete Syntax}{chapter.8}% 75
\BOOKMARK [2][-]{subsection.8.5.1}{Embedded}{section.8.5}% 76
\BOOKMARK [2][-]{subsection.8.5.2}{XML}{section.8.5}% 77
\BOOKMARK [1][-]{section.8.6}{Conclusion}{chapter.8}% 78
\BOOKMARK [0][-]{chapter.9}{Data-Centric Language Constructs}{part.3}% 79
\BOOKMARK [1][-]{section.9.1}{Simple Records}{chapter.9}% 80
\BOOKMARK [1][-]{section.9.2}{Trees}{chapter.9}% 81
\BOOKMARK [0][-]{chapter.10}{Graphs}{part.3}% 82
\BOOKMARK [0][-]{chapter.11}{Collections and Comprehensions}{part.3}% 83
\BOOKMARK [1][-]{section.11.1}{Transforming Comprehensions}{chapter.11}% 84
\BOOKMARK [0][-]{chapter.12}{Language Emulation}{part.3}% 85
\BOOKMARK [1][-]{section.12.1}{MicroJava}{chapter.12}% 86
\BOOKMARK [1][-]{section.12.2}{Lisp}{chapter.12}% 87
\BOOKMARK [0][-]{chapter.13}{Business Rules}{part.3}% 88
\BOOKMARK [1][-]{section.13.1}{Example Business Rules}{chapter.13}% 89
\BOOKMARK [1][-]{section.13.2}{Business Rules Implementation}{chapter.13}% 90
\BOOKMARK [1][-]{section.13.3}{Rete Networks}{chapter.13}% 91
\BOOKMARK [1][-]{section.13.4}{Rule Compilation}{chapter.13}% 92
\BOOKMARK [1][-]{section.13.5}{Network Execution}{chapter.13}% 93
\BOOKMARK [1][-]{section.13.6}{Monitoring Classes}{chapter.13}% 94
\BOOKMARK [0][-]{chapter.14}{Model View Controllers}{part.3}% 95
\BOOKMARK [1][-]{section.14.1}{Model-Diagram Synchronization}{chapter.14}% 96
\BOOKMARK [1][-]{section.14.2}{Models}{chapter.14}% 97
\BOOKMARK [1][-]{section.14.3}{Diagrams}{chapter.14}% 98
\BOOKMARK [1][-]{section.14.4}{Mappings}{chapter.14}% 99
\BOOKMARK [1][-]{section.14.5}{Mapping Patterns}{chapter.14}% 100
\BOOKMARK [1][-]{section.14.6}{Equality Pattern}{chapter.14}% 101
\BOOKMARK [1][-]{section.14.7}{Containment Pattern}{chapter.14}% 102
\BOOKMARK [1][-]{section.14.8}{Model-Diagam Implementation}{chapter.14}% 103
\BOOKMARK [1][-]{section.14.9}{A Simple Database Synchronizer}{chapter.14}% 104
\BOOKMARK [0][-]{chapter.15}{Generating Text from Models}{part.3}% 105
\BOOKMARK [1][-]{section.15.1}{Introduction}{chapter.15}% 106
\BOOKMARK [1][-]{section.15.2}{Examples}{chapter.15}% 107
\BOOKMARK [1][-]{section.15.3}{Specification}{chapter.15}% 108
\BOOKMARK [1][-]{section.15.4}{Design}{chapter.15}% 109
\BOOKMARK [1][-]{section.15.5}{Implementation}{chapter.15}% 110
\BOOKMARK [0][-]{chapter.16}{A Problem of Composition}{part.3}% 111
\BOOKMARK [1][-]{section.16.1}{Translating Executable Models}{chapter.16}% 112
\BOOKMARK [1][-]{section.16.2}{Transformation Architecture}{chapter.16}% 113
\BOOKMARK [1][-]{section.16.3}{A Rule Based Language}{chapter.16}% 114
\BOOKMARK [1][-]{section.16.4}{Implementation}{chapter.16}% 115
\BOOKMARK [2][-]{subsection.16.4.1}{Pattern Matching}{section.16.4}% 116
\BOOKMARK [2][-]{subsection.16.4.2}{Documents}{section.16.4}% 117
\BOOKMARK [2][-]{subsection.16.4.3}{Rules and Rule Bases}{section.16.4}% 118
\BOOKMARK [2][-]{subsection.16.4.4}{Forcing Delayed Documents}{section.16.4}% 119
\BOOKMARK [2][-]{subsection.16.4.5}{Displaying Documents}{section.16.4}% 120
\BOOKMARK [0][-]{chapter.17}{The SECD Machine}{part.3}% 121
\BOOKMARK [1][-]{section.17.1}{Extending the SECD Machine}{chapter.17}% 122
\BOOKMARK [0][-]{chapter.18}{Modelling with XML Data}{part.3}% 123
\BOOKMARK [1][-]{section.18.1}{Generating XML Data}{chapter.18}% 124
\BOOKMARK [1][-]{section.18.2}{An XML Generator}{chapter.18}% 125
\BOOKMARK [1][-]{section.18.3}{Parsing XML}{chapter.18}% 126
\BOOKMARK [1][-]{section.18.4}{Resolving References}{chapter.18}% 127
\BOOKMARK [0][-]{chapter.19}{Interactive Applications}{part.3}% 128
\BOOKMARK [1][-]{section.19.1}{Interactive Application Architecture}{chapter.19}% 129
\BOOKMARK [1][-]{section.19.2}{A DSL for Interactive Applications}{chapter.19}% 130
\BOOKMARK [1][-]{section.19.3}{Implementation}{chapter.19}% 131
\BOOKMARK [2][-]{subsection.19.3.1}{Syntax}{section.19.3}% 132
\BOOKMARK [2][-]{subsection.19.3.2}{Semantics}{section.19.3}% 133
\BOOKMARK [2][-]{subsection.19.3.3}{Handling Events}{section.19.3}% 134
\BOOKMARK [1][-]{section.19.4}{Simulation}{chapter.19}% 135
\BOOKMARK [1][-]{section.19.5}{XML Representation for Applications}{chapter.19}% 136
\BOOKMARK [1][-]{section.19.6}{Conclusion}{chapter.19}% 137
\BOOKMARK [0][-]{chapter.20}{Choosing Between Alternatives}{part.3}% 138
\BOOKMARK [1][-]{section.20.1}{A Choice Pattern}{chapter.20}% 139
\BOOKMARK [1][-]{section.20.2}{Finding a Route}{chapter.20}% 140
\BOOKMARK [1][-]{section.20.3}{Explanation and NoGood Sets}{chapter.20}% 141
\BOOKMARK [0][-]{chapter.21}{A Command Language}{part.3}% 142
\BOOKMARK [1][-]{section.21.1}{XCom - A Simple Command Language}{chapter.21}% 143
\BOOKMARK [1][-]{section.21.2}{An Evaluator for XCom}{chapter.21}% 144
\BOOKMARK [2][-]{subsection.21.2.1}{Evaluating Expressions}{section.21.2}% 145
\BOOKMARK [2][-]{subsection.21.2.2}{Evaluating Statements}{section.21.2}% 146
\BOOKMARK [1][-]{section.21.3}{A Translator for XCom with Run-Time Types}{chapter.21}% 147
\BOOKMARK [2][-]{subsection.21.3.1}{Translating Expressions}{section.21.3}% 148
\BOOKMARK [2][-]{subsection.21.3.2}{Translating Statements}{section.21.3}% 149
\BOOKMARK [1][-]{section.21.4}{A Translator for XCom without Run-Time Types}{chapter.21}% 150
\BOOKMARK [2][-]{subsection.21.4.1}{Translating Expressions}{section.21.4}% 151
\BOOKMARK [2][-]{subsection.21.4.2}{Translating Statements}{section.21.4}% 152
\BOOKMARK [1][-]{section.21.5}{Compiling XCom}{chapter.21}% 153
\BOOKMARK [2][-]{subsection.21.5.1}{Compiling Expressions}{section.21.5}% 154
\BOOKMARK [2][-]{subsection.21.5.2}{Compiling Statements}{section.21.5}% 155
\BOOKMARK [1][-]{section.21.6}{Flow Graphs}{chapter.21}% 156
\BOOKMARK [2][-]{subsection.21.6.1}{Flow Graph Patterns}{section.21.6}% 157
\BOOKMARK [-1][-]{lstnumber.-552.9}{Appendix}{}% 158
\BOOKMARK [0][-]{Appendix.1.A}{Implementation Issues}{lstnumber.-552.9}% 159
\BOOKMARK [1][-]{section.1.A.1}{Working with Files}{Appendix.1.A}% 160
\BOOKMARK [1][-]{section.1.A.2}{Manifests}{Appendix.1.A}% 161
\BOOKMARK [1][-]{section.1.A.3}{XMF Startup Arguments}{Appendix.1.A}% 162
\BOOKMARK [1][-]{section.1.A.4}{Starting XMF using a Batch File}{Appendix.1.A}% 163
\BOOKMARK [1][-]{section.1.A.5}{Starting XMF from Java}{Appendix.1.A}% 164
\BOOKMARK [1][-]{section.1.A.6}{Rebuilding XMF}{Appendix.1.A}% 165
\BOOKMARK [1][-]{section.1.A.7}{Recompiling XMF}{Appendix.1.A}% 166
\BOOKMARK [1][-]{section.1.A.8}{Debugging}{Appendix.1.A}% 167
\BOOKMARK [1][-]{section.1.A.9}{Boolean Operations}{Appendix.1.A}% 168
\BOOKMARK [1][-]{section.1.A.10}{Float Operations}{Appendix.1.A}% 169
\BOOKMARK [1][-]{section.1.A.11}{Integer Operations}{Appendix.1.A}% 170
\BOOKMARK [1][-]{section.1.A.12}{Sequence Operations}{Appendix.1.A}% 171
\BOOKMARK [1][-]{section.1.A.13}{Set Operations}{Appendix.1.A}% 172
\BOOKMARK [1][-]{section.1.A.14}{String Operations}{Appendix.1.A}% 173
\BOOKMARK [1][-]{section.1.A.15}{OCL Syntax Classes}{Appendix.1.A}% 174
