This is pdfTeX, Version 3.1415926-2.4-1.40.13 (TeX Live 2012) (format=latex 2012.9.25)  1 MAY 2015 10:30
entering extended mode
 restricted \write18 enabled.
 %&-line parsing enabled.
**book
(./book.tex
LaTeX2e <2011/06/27>
Babel <v3.8m> and hyphenation patterns for english, dumylang, nohyphenation, ge
rman-x-2012-05-30, ngerman-x-2012-05-30, afrikaans, ancientgreek, ibycus, arabi
c, armenian, basque, bulgarian, catalan, pinyin, coptic, croatian, czech, danis
h, dutch, ukenglish, usenglishmax, esperanto, estonian, ethiopic, farsi, finnis
h, french, friulan, galician, german, ngerman, swissgerman, monogreek, greek, h
ungarian, icelandic, assamese, bengali, gujarati, hindi, kannada, malayalam, ma
rathi, oriya, panjabi, tamil, telugu, indonesian, interlingua, irish, italian, 
kurmanji, latin, latvian, lithuanian, mongolian, mongolianlmc, bokmal, nynorsk,
 polish, portuguese, romanian, romansh, russian, sanskrit, serbian, serbianc, s
lovak, slovenian, spanish, swedish, turkish, turkmen, ukrainian, uppersorbian, 
welsh, loaded.
(/usr/local/texlive/2012/texmf-dist/tex/latex/koma-script/scrbook.cls
Document Class: scrbook 2012/05/15 v3.11 KOMA-Script document class (book)
(/usr/local/texlive/2012/texmf-dist/tex/latex/koma-script/scrkbase.sty
Package: scrkbase 2012/05/15 v3.11 KOMA-Script package (KOMA-Script-dependent b
asics and keyval usage)

(/usr/local/texlive/2012/texmf-dist/tex/latex/koma-script/scrbase.sty
Package: scrbase 2012/05/15 v3.11 KOMA-Script package (KOMA-Script-independent 
basics and keyval usage)

(/usr/local/texlive/2012/texmf-dist/tex/latex/graphics/keyval.sty
Package: keyval 1999/03/16 v1.13 key=value parser (DPC)
\KV@toks@=\toks14
)
(/usr/local/texlive/2012/texmf-dist/tex/latex/koma-script/scrlfile.sty
Package: scrlfile 2011/03/09 v3.09 KOMA-Script package (loading files)

Package scrlfile, 2011/03/09 v3.09 KOMA-Script package (loading files)
                  Copyright (C) Markus Kohm

))) (/usr/local/texlive/2012/texmf-dist/tex/latex/koma-script/tocbasic.sty
Package: tocbasic 2012/04/04 v3.10b KOMA-Script package (handling toc-files)
)
Package tocbasic Info: omitting babel extension for `toc'
(tocbasic)             because of feature `nobabel' available
(tocbasic)             for `toc' on input line 117.
Package tocbasic Info: omitting babel extension for `lof'
(tocbasic)             because of feature `nobabel' available
(tocbasic)             for `lof' on input line 118.
Package tocbasic Info: omitting babel extension for `lot'
(tocbasic)             because of feature `nobabel' available
(tocbasic)             for `lot' on input line 119.
Package scrbook Info: You've used obsolete option `12pt'.
(scrbook)             \KOMAExecuteOptions{fontsize=12pt} will be
(scrbook)             used instead.
(scrbook)             You may simply replace `12pt'
(scrbook)             by `fontsize=12pt'.
Class scrbook Info: File `scrsize12pt.clo' used to setup font sizes on input li
ne 1366.

(/usr/local/texlive/2012/texmf-dist/tex/latex/koma-script/scrsize12pt.clo
File: scrsize12pt.clo 2012/05/15 v3.11 KOMA-Script font size class option (12pt
)
)
(/usr/local/texlive/2012/texmf-dist/tex/latex/koma-script/typearea.sty
Package: typearea 2012/05/15 v3.11 KOMA-Script package (type area)

Package typearea, 2012/05/15 v3.11 KOMA-Script package (type area)
                  Copyright (C) Frank Neukam, 1992-1994
                  Copyright (C) Markus Kohm, 1994-

\ta@bcor=\skip41
\ta@div=\count79
Package typearea Info: You've used standard option `a4paper'.
(typearea)             This is correct!
(typearea)             Internally I'm using `paper=a4'.
(typearea)             If you'd like to set the option with \KOMAoptions,
(typearea)             you'd have to use `paper=a4' there
(typearea)             instead of `a4paper', too.
Package typearea Info: You've used standard option `pdftex'.
(typearea)             This is correct!
(typearea)             Internally I'm using `pagesize=pdftex'.
(typearea)             If you'd like to set the option with \KOMAoptions,
(typearea)             you'd have to use `pagesize=pdftex' there
(typearea)             instead of `pdftex', too.
\ta@hblk=\skip42
\ta@vblk=\skip43
\ta@temp=\skip44
Package typearea Info: These are the values describing the layout:
(typearea)             DIV  = 12
(typearea)             BCOR = 0.0pt
(typearea)             \paperwidth      = 597.50793pt
(typearea)              \textwidth      = 448.13095pt
(typearea)              DIV departure   = -6%
(typearea)              \evensidemargin = 27.31467pt
(typearea)              \oddsidemargin  = -22.47766pt
(typearea)             \paperheight     = 845.04694pt
(typearea)              \textheight     = 635.5pt
(typearea)              \topmargin      = -41.72441pt
(typearea)              \headheight     = 18.125pt
(typearea)              \headsep        = 21.75pt
(typearea)              \topskip        = 12.0pt
(typearea)              \footskip       = 50.75pt
(typearea)              \baselineskip   = 14.5pt
(typearea)              on input line 1211.
)
\c@part=\count80
\c@chapter=\count81
\c@section=\count82
\c@subsection=\count83
\c@subsubsection=\count84
\c@paragraph=\count85
\c@subparagraph=\count86
\abovecaptionskip=\skip45
\belowcaptionskip=\skip46
\c@pti@nb@sid@b@x=\box26
\c@figure=\count87
\c@table=\count88
\bibindent=\dimen102
) (/usr/local/texlive/2012/texmf-dist/tex/latex/a4wide/a4wide.sty
Package: a4wide 1994/08/30

(/usr/local/texlive/2012/texmf-dist/tex/latex/ntgclass/a4.sty
Package: a4 2004/04/15 v1.2g A4 based page layout
))
(/usr/local/texlive/2012/texmf-dist/tex/latex/listings/listings.sty
\lst@mode=\count89
\lst@gtempboxa=\box27
\lst@token=\toks15
\lst@length=\count90
\lst@currlwidth=\dimen103
\lst@column=\count91
\lst@pos=\count92
\lst@lostspace=\dimen104
\lst@width=\dimen105
\lst@newlines=\count93
\lst@lineno=\count94
\lst@maxwidth=\dimen106

(/usr/local/texlive/2012/texmf-dist/tex/latex/listings/lstmisc.sty
File: lstmisc.sty 2007/02/22 1.4 (Carsten Heinz)
\c@lstnumber=\count95
\lst@skipnumbers=\count96
\lst@framebox=\box28
)
(/usr/local/texlive/2012/texmf-dist/tex/latex/listings/listings.cfg
File: listings.cfg 2007/02/22 1.4 listings configuration
))
Package: listings 2007/02/22 1.4 (Carsten Heinz)

(/usr/local/texlive/2012/texmf-dist/tex/latex/graphics/graphicx.sty
Package: graphicx 1999/02/16 v1.0f Enhanced LaTeX Graphics (DPC,SPQR)

(/usr/local/texlive/2012/texmf-dist/tex/latex/graphics/graphics.sty
Package: graphics 2009/02/05 v1.0o Standard LaTeX Graphics (DPC,SPQR)

(/usr/local/texlive/2012/texmf-dist/tex/latex/graphics/trig.sty
Package: trig 1999/03/16 v1.09 sin cos tan (DPC)
)
(/usr/local/texlive/2012/texmf-dist/tex/latex/latexconfig/graphics.cfg
File: graphics.cfg 2010/04/23 v1.9 graphics configuration of TeX Live
)
Package graphics Info: Driver file: pdftex.def on input line 91.

(/usr/local/texlive/2012/texmf-dist/tex/latex/pdftex-def/pdftex.def
File: pdftex.def 2011/05/27 v0.06d Graphics/color for pdfTeX

(/usr/local/texlive/2012/texmf-dist/tex/generic/oberdiek/infwarerr.sty
Package: infwarerr 2010/04/08 v1.3 Providing info/warning/error messages (HO)
)
(/usr/local/texlive/2012/texmf-dist/tex/generic/oberdiek/ltxcmds.sty
Package: ltxcmds 2011/11/09 v1.22 LaTeX kernel commands for general use (HO)
)
\Gread@gobject=\count97
))
\Gin@req@height=\dimen107
\Gin@req@width=\dimen108
)
(/usr/local/texlive/2012/texmf-dist/tex/latex/hyperref/hyperref.sty
Package: hyperref 2012/05/13 v6.82q Hypertext links for LaTeX

(/usr/local/texlive/2012/texmf-dist/tex/generic/oberdiek/hobsub-hyperref.sty
Package: hobsub-hyperref 2012/05/28 v1.13 Bundle oberdiek, subset hyperref (HO)


(/usr/local/texlive/2012/texmf-dist/tex/generic/oberdiek/hobsub-generic.sty
Package: hobsub-generic 2012/05/28 v1.13 Bundle oberdiek, subset generic (HO)
Package: hobsub 2012/05/28 v1.13 Construct package bundles (HO)
Package hobsub Info: Skipping package `infwarerr' (already loaded).
Package hobsub Info: Skipping package `ltxcmds' (already loaded).
Package: ifluatex 2010/03/01 v1.3 Provides the ifluatex switch (HO)
Package ifluatex Info: LuaTeX not detected.
Package: ifvtex 2010/03/01 v1.5 Detect VTeX and its facilities (HO)
Package ifvtex Info: VTeX not detected.
Package: intcalc 2007/09/27 v1.1 Expandable calculations with integers (HO)
Package: ifpdf 2011/01/30 v2.3 Provides the ifpdf switch (HO)
Package ifpdf Info: pdfTeX in PDF mode is detected.
Package: etexcmds 2011/02/16 v1.5 Avoid name clashes with e-TeX commands (HO)
Package etexcmds Info: Could not find \expanded.
(etexcmds)             That can mean that you are not using pdfTeX 1.50 or
(etexcmds)             that some package has redefined \expanded.
(etexcmds)             In the latter case, load this package earlier.
Package: kvsetkeys 2012/04/25 v1.16 Key value parser (HO)
Package: kvdefinekeys 2011/04/07 v1.3 Define keys (HO)
Package: pdftexcmds 2011/11/29 v0.20 Utility functions of pdfTeX for LuaTeX (HO
)
Package pdftexcmds Info: LuaTeX not detected.
Package pdftexcmds Info: \pdf@primitive is available.
Package pdftexcmds Info: \pdf@ifprimitive is available.
Package pdftexcmds Info: \pdfdraftmode found.
Package: pdfescape 2011/11/25 v1.13 Implements pdfTeX's escape features (HO)
Package: bigintcalc 2012/04/08 v1.3 Expandable calculations on big integers (HO
)
Package: bitset 2011/01/30 v1.1 Handle bit-vector datatype (HO)
Package: uniquecounter 2011/01/30 v1.2 Provide unlimited unique counter (HO)
)
Package hobsub Info: Skipping package `hobsub' (already loaded).
Package: letltxmacro 2010/09/02 v1.4 Let assignment for LaTeX macros (HO)
Package: hopatch 2012/05/28 v1.2 Wrapper for package hooks (HO)
Package: xcolor-patch 2011/01/30 xcolor patch
Package: atveryend 2011/06/30 v1.8 Hooks at the very end of document (HO)
Package atveryend Info: \enddocument detected (standard20110627).
Package: atbegshi 2011/10/05 v1.16 At begin shipout hook (HO)
Package: refcount 2011/10/16 v3.4 Data extraction from label references (HO)
Package: hycolor 2011/01/30 v1.7 Color options for hyperref/bookmark (HO)
)
(/usr/local/texlive/2012/texmf-dist/tex/generic/ifxetex/ifxetex.sty
Package: ifxetex 2010/09/12 v0.6 Provides ifxetex conditional
)
(/usr/local/texlive/2012/texmf-dist/tex/latex/oberdiek/kvoptions.sty
Package: kvoptions 2011/06/30 v3.11 Key value format for package options (HO)
)
\@linkdim=\dimen109
\Hy@linkcounter=\count98
\Hy@pagecounter=\count99

(/usr/local/texlive/2012/texmf-dist/tex/latex/hyperref/pd1enc.def
File: pd1enc.def 2012/05/13 v6.82q Hyperref: PDFDocEncoding definition (HO)
)
\Hy@SavedSpaceFactor=\count100

(/usr/local/texlive/2012/texmf-dist/tex/latex/latexconfig/hyperref.cfg
File: hyperref.cfg 2002/06/06 v1.2 hyperref configuration of TeXLive
)
Package hyperref Info: Hyper figures OFF on input line 4062.
Package hyperref Info: Link nesting OFF on input line 4067.
Package hyperref Info: Hyper index ON on input line 4070.
Package hyperref Info: Plain pages OFF on input line 4077.
Package hyperref Info: Backreferencing OFF on input line 4082.
Package hyperref Info: Implicit mode ON; LaTeX internals redefined.
Package hyperref Info: Bookmarks ON on input line 4300.
\c@Hy@tempcnt=\count101

(/usr/local/texlive/2012/texmf-dist/tex/latex/url/url.sty
\Urlmuskip=\muskip10
Package: url 2006/04/12  ver 3.3  Verb mode for urls, etc.
)
LaTeX Info: Redefining \url on input line 4653.
\Fld@menulength=\count102
\Field@Width=\dimen110
\Fld@charsize=\dimen111
Package hyperref Info: Hyper figures OFF on input line 5773.
Package hyperref Info: Link nesting OFF on input line 5778.
Package hyperref Info: Hyper index ON on input line 5781.
Package hyperref Info: backreferencing OFF on input line 5788.
Package hyperref Info: Link coloring OFF on input line 5793.
Package hyperref Info: Link coloring with OCG OFF on input line 5798.
Package hyperref Info: PDF/A mode OFF on input line 5803.
LaTeX Info: Redefining \ref on input line 5843.
LaTeX Info: Redefining \pageref on input line 5847.
\Hy@abspage=\count103
\c@Item=\count104
\c@Hfootnote=\count105
)

Package hyperref Message: Driver: hpdftex.

(/usr/local/texlive/2012/texmf-dist/tex/latex/hyperref/hpdftex.def
File: hpdftex.def 2012/05/13 v6.82q Hyperref driver for pdfTeX
\Fld@listcount=\count106
\c@bookmark@seq@number=\count107

(/usr/local/texlive/2012/texmf-dist/tex/latex/oberdiek/rerunfilecheck.sty
Package: rerunfilecheck 2011/04/15 v1.7 Rerun checks for auxiliary files (HO)
Package uniquecounter Info: New unique counter `rerunfilecheck' on input line 2
82.
)
\Hy@SectionHShift=\skip47
)
(./subfigure.sty
Package: subfigure 2002/04/17 v2.1.3 subfigure package
\subfigtopskip=\skip48
\subfigcapskip=\skip49
\subfigcaptopadj=\dimen112
\subfigbottomskip=\skip50
\subfigcapmargin=\dimen113
\subfiglabelskip=\skip51
\c@subfigure=\count108
\c@lofdepth=\count109
\c@subtable=\count110
\c@lotdepth=\count111

****************************************
* Local config file subfigure.cfg used *
****************************************
(/usr/local/texlive/2012/texmf-dist/tex/latex/subfigure/subfigure.cfg)
\subfig@top=\skip52
\subfig@bottom=\skip53
)
(/usr/local/texlive/2012/texmf-dist/tex/latex/placeins/placeins.sty
Package: placeins 2005/04/18  v 2.2
)
(/usr/local/texlive/2012/texmf-dist/tex/latex/psnfss/palatino.sty
Package: palatino 2005/04/12 PSNFSS-v9.2a (SPQR) 
)
(./fancyhdr.sty
\headwidth=\dimen114
)
(/usr/local/texlive/2012/texmf-dist/tex/latex/fncychap/fncychap.sty
Package: fncychap 2007/07/30 v1.34 LaTeX package (Revised chapters)
\RW=\skip54
\mylen=\skip55
\myhi=\skip56
\px=\skip57
\py=\skip58
\pyy=\skip59
\pxx=\skip60
)
(./book.aux (./Front/preface.aux) (./LanguageDrivenDevelopment/ldd.aux)
(./Metamodelling/metamodelling.aux) (./XMF/xmf.aux)
(./AbstractSyntax/static.aux) (./ConcreteSyntax/concrete.aux)
(./Semantics/semantics.aux) (./Programming/programming.aux)
(./Mappings/mappings.aux) (./LanguageFamilies/langfamilies.aux)
(./CaseStudy1/aspects.aux) (./CaseStudy2/telecoms.aux)
(./CaseStudy3/programming.aux) (./CaseStudy4/InteractiveTV.aux)
(./CaseStudy5/Graph.aux))
\openout1 = `book.aux'.

LaTeX Font Info:    Checking defaults for OML/cmm/m/it on input line 24.
LaTeX Font Info:    ... okay on input line 24.
LaTeX Font Info:    Checking defaults for T1/cmr/m/n on input line 24.
LaTeX Font Info:    ... okay on input line 24.
LaTeX Font Info:    Checking defaults for OT1/cmr/m/n on input line 24.
LaTeX Font Info:    ... okay on input line 24.
LaTeX Font Info:    Checking defaults for OMS/cmsy/m/n on input line 24.
LaTeX Font Info:    ... okay on input line 24.
LaTeX Font Info:    Checking defaults for OMX/cmex/m/n on input line 24.
LaTeX Font Info:    ... okay on input line 24.
LaTeX Font Info:    Checking defaults for U/cmr/m/n on input line 24.
LaTeX Font Info:    ... okay on input line 24.
LaTeX Font Info:    Checking defaults for PD1/pdf/m/n on input line 24.
LaTeX Font Info:    ... okay on input line 24.
LaTeX Font Info:    Try loading font information for OT1+ppl on input line 24.

(/usr/local/texlive/2012/texmf-dist/tex/latex/psnfss/ot1ppl.fd
File: ot1ppl.fd 2001/06/04 font definitions for OT1/ppl.
)
\c@lstlisting=\count112

(/usr/local/texlive/2012/texmf-dist/tex/context/base/supp-pdf.mkii
[Loading MPS to PDF converter (version 2006.09.02).]
\scratchcounter=\count113
\scratchdimen=\dimen115
\scratchbox=\box29
\nofMPsegments=\count114
\nofMParguments=\count115
\everyMPshowfont=\toks16
\MPscratchCnt=\count116
\MPscratchDim=\dimen116
\MPnumerator=\count117
\makeMPintoPDFobject=\count118
\everyMPtoPDFconversion=\toks17
) (/usr/local/texlive/2012/texmf-dist/tex/latex/oberdiek/epstopdf-base.sty
Package: epstopdf-base 2010/02/09 v2.5 Base part for package epstopdf

(/usr/local/texlive/2012/texmf-dist/tex/latex/oberdiek/grfext.sty
Package: grfext 2010/08/19 v1.1 Manage graphics extensions (HO)
)
Package grfext Info: Graphics extension search list:
(grfext)             [.png,.pdf,.jpg,.mps,.jpeg,.jbig2,.jb2,.PNG,.PDF,.JPG,.JPE
G,.JBIG2,.JB2,.eps]
(grfext)             \AppendGraphicsExtensions on input line 452.

(/usr/local/texlive/2012/texmf-dist/tex/latex/latexconfig/epstopdf-sys.cfg
File: epstopdf-sys.cfg 2010/07/13 v1.3 Configuration of (r)epstopdf for TeX Liv
e
))
\AtBeginShipoutBox=\box30
Package hyperref Info: Link coloring OFF on input line 24.

(/usr/local/texlive/2012/texmf-dist/tex/latex/hyperref/nameref.sty
Package: nameref 2010/04/30 v2.40 Cross-referencing by name of section

(/usr/local/texlive/2012/texmf-dist/tex/generic/oberdiek/gettitlestring.sty
Package: gettitlestring 2010/12/03 v1.4 Cleanup title references (HO)
)
\c@section@level=\count119
)
LaTeX Info: Redefining \ref on input line 24.
LaTeX Info: Redefining \pageref on input line 24.
LaTeX Info: Redefining \nameref on input line 24.

(./book.out) (./book.out)
\@outlinefile=\write3
\openout3 = `book.out'.

LaTeX Font Info:    Try loading font information for OT1+phv on input line 78.

(/usr/local/texlive/2012/texmf-dist/tex/latex/psnfss/ot1phv.fd
File: ot1phv.fd 2001/06/04 scalable font definitions for OT1/phv.
)
<xmf.pdf, id=826, 34.1275pt x 34.1275pt>
File: xmf.pdf Graphic file (type pdf)
 <use xmf.pdf>
Package pdftex.def Info: xmf.pdf used on input line 83.
(pdftex.def)             Requested size: 138.21777pt x 138.22699pt.
 [1





{/usr/local/texlive/2012/texmf-var/fonts/map/pdftex/updmap/pdftex.map} <./xmf.p
df>] [2


] (./book.toc
LaTeX Font Info:    Font shape `OT1/phv/bx/n' in size <12> not available
(Font)              Font shape `OT1/phv/b/n' tried instead on input line 1.
LaTeX Font Info:    External font `cmex10' loaded for size
(Font)              <12> on input line 5.
LaTeX Font Info:    External font `cmex10' loaded for size
(Font)              <8> on input line 5.
LaTeX Font Info:    External font `cmex10' loaded for size
(Font)              <6> on input line 5.

[3]
LaTeX Font Info:    Font shape `OT1/ppl/bx/n' in size <12> not available
(Font)              Font shape `OT1/ppl/b/n' tried instead on input line 72.
 [4] [5] [6]
Underfull \vbox (badness 1062) has occurred while \output is active []

 [7])
\tf@toc=\write4
\openout4 = `book.toc'.


[8]
\openout2 = `Front/preface.aux'.

 (./Front/preface.tex [9



] [10


] [11] [12


]
LaTeX Font Info:    Font shape `OT1/phv/bx/n' in size <17.28> not available
(Font)              Font shape `OT1/phv/b/n' tried instead on input line 60.
 [13] [14] [15]) [16]
\openout2 = `LanguageDrivenDevelopment/ldd.aux'.


(./LanguageDrivenDevelopment/ldd.tex
Chapter 1.

Class scrbook Warning: \float@addtolists detected!
(scrbook)              You should use the features of package `tocbasic'
(scrbook)              instead of \float@addtolists.
(scrbook)              Support for \float@addtolists may be removed from
(scrbook)              `scrbook' soon .

LaTeX Font Info:    Font shape `OT1/ppl/bx/n' in size <24.88> not available
(Font)              Font shape `OT1/ppl/b/n' tried instead on input line 1.

<LanguageDrivenDevelopment/figures/challenges.pdf, id=1137, 279.0425pt x 270.00
874pt>
File: LanguageDrivenDevelopment/figures/challenges.pdf Graphic file (type pdf)
 <use LanguageDrivenDevelopment/figures/challenges.pdf>
Package pdftex.def Info: LanguageDrivenDevelopment/figures/challenges.pdf used 
on input line 41.
(pdftex.def)             Requested size: 142.26378pt x 137.66142pt.
LaTeX Font Info:    Font shape `OT1/phv/bx/n' in size <14.4> not available
(Font)              Font shape `OT1/phv/b/n' tried instead on input line 49.

Underfull \vbox (badness 4060) has occurred while \output is active []

 [1






]
LaTeX Font Info:    Try loading font information for OMS+ppl on input line 58.

(/usr/local/texlive/2012/texmf-dist/tex/latex/psnfss/omsppl.fd
File: omsppl.fd 
)
LaTeX Font Info:    Font shape `OMS/ppl/m/n' in size <12> not available
(Font)              Font shape `OMS/cmsy/m/n' tried instead on input line 58.

Overfull \hbox (2.53392pt too wide) in paragraph at lines 86--93
\OT1/ppl/m/n/12 The chal-lenge of di-ver-sity re-flects how de-vel-op-ers have 
to man-age in a non-homogenous
 []

[2 <./LanguageDrivenDevelopment/figures/challenges.pdf>] [3] [4] [5] [6]
[7] [8]
Overfull \hbox (1.00847pt too wide) in paragraph at lines 418--419
[]\OT1/ppl/m/n/12 enable those ab-strac-tions to be trans-formed into, in-te-gr
ated with, val-i-dated against
 []

[9]
LaTeX Font Info:    External font `cmex10' loaded for size
(Font)              <7> on input line 464.
LaTeX Font Info:    External font `cmex10' loaded for size
(Font)              <5> on input line 464.

Underfull \hbox (badness 1681) in paragraph at lines 464--464
[][][]\OT1/ppl/m/n/10 Two other key tech-nolo-gies un-der-pin-ning MDA are the 
Meta-Object Fa-cil-ity (MOF) and the
 []

[10]
Overfull \hbox (17.49782pt too wide) in paragraph at lines 505--517
\OT1/ppl/m/n/12 is in-creas-ingly be-ing ap-plied to non-software do-mains such
 as sys-tems engineering[[]],
 []


Underfull \vbox (badness 1490) has occurred while \output is active []

 [11]
[12]
Overfull \hbox (2.00346pt too wide) in paragraph at lines 580--581
[]\OT1/ppl/m/n/12 whilst the MDA vi-sion is grand, the tech-nol-ogy for im-ple-
ment-ing it is very vaguely
 []

[13]) [14]
\openout2 = `Metamodelling/metamodelling.aux'.

 (./Metamodelling/metamodelling.tex
Chapter 2.

Underfull \vbox (badness 2409) has occurred while \output is active []

 [15




]
(/usr/local/texlive/2012/texmf-dist/tex/latex/listings/lstlang1.sty
File: lstlang1.sty 2004/09/05 1.3 listings language file
)
LaTeX Font Info:    Try loading font information for OT1+pcr on input line 53.

(/usr/local/texlive/2012/texmf-dist/tex/latex/psnfss/ot1pcr.fd
File: ot1pcr.fd 2001/06/04 font definitions for OT1/pcr.
)
LaTeX Font Info:    Font shape `OT1/pcr/bx/n' in size <10.95> not available
(Font)              Font shape `OT1/pcr/b/n' tried instead on input line 54.

<Metamodelling/figures/MMExample.pdf, id=1261, 240.9pt x 236.885pt>
File: Metamodelling/figures/MMExample.pdf Graphic file (type pdf)

<use Metamodelling/figures/MMExample.pdf>
Package pdftex.def Info: Metamodelling/figures/MMExample.pdf used on input line
 77.
(pdftex.def)             Requested size: 170.71652pt x 167.87505pt.
 [16] [17 <./Metamodelling/figures/MMExample.pdf>] [18] [19] [20] [21]
<Metamodelling/figures/4layer.png, id=1314, 613.58647pt x 656.09824pt>
File: Metamodelling/figures/4layer.png Graphic file (type png)

<use Metamodelling/figures/4layer.png>
Package pdftex.def Info: Metamodelling/figures/4layer.png used on input line 41
2.
(pdftex.def)             Requested size: 284.52756pt x 304.25159pt.
 [22] [23 <./Metamodelling/figures/4layer.png>] [24]) [25] [26]
\openout2 = `XMF/xmf.aux'.

 (./XMF/xmf.tex
Chapter 3.
[27




] [28]
<XMF/figures/classdiagramexample.pdf, id=1353, 340.27126pt x 259.97125pt>
File: XMF/figures/classdiagramexample.pdf Graphic file (type pdf)

<use XMF/figures/classdiagramexample.pdf>
Package pdftex.def Info: XMF/figures/classdiagramexample.pdf used on input line
 112.
(pdftex.def)             Requested size: 284.52756pt x 217.39455pt.
 [29 <./XMF/figures/classdiagramexample.pdf>] [30] [31] [32] [33]
<XMF/figures/snapshot.pdf, id=1468, 412.54124pt x 311.1625pt>
File: XMF/figures/snapshot.pdf Graphic file (type pdf)

<use XMF/figures/snapshot.pdf>
Package pdftex.def Info: XMF/figures/snapshot.pdf used on input line 356.
(pdftex.def)             Requested size: 312.9803pt x 236.07289pt.
 [34 <./XMF/figures/snapshot.pdf>] [35]
<XMF/figures/cppSimple.pdf, id=1501, 483.8075pt x 372.39125pt>
File: XMF/figures/cppSimple.pdf Graphic file (type pdf)

<use XMF/figures/cppSimple.pdf>
Package pdftex.def Info: XMF/figures/cppSimple.pdf used on input line 464.
(pdftex.def)             Requested size: 312.9803pt x 240.915pt.
 [36]
<XMF/figures/cppMapping.pdf, id=1513, 740.7675pt x 233.87375pt>
File: XMF/figures/cppMapping.pdf Graphic file (type pdf)

<use XMF/figures/cppMapping.pdf>
Package pdftex.def Info: XMF/figures/cppMapping.pdf used on input line 495.
(pdftex.def)             Requested size: 398.33858pt x 125.76534pt.
 [37 <./XMF/figures/cppSimple.pdf> <./XMF/figures/cppMapping.pdf>] [38] [39]
<XMF/figures/arch.pdf, id=1572, 290.08376pt x 282.05376pt>
File: XMF/figures/arch.pdf Graphic file (type pdf)

<use XMF/figures/arch.pdf>
Package pdftex.def Info: XMF/figures/arch.pdf used on input line 624.
(pdftex.def)             Requested size: 234.10341pt x 227.62204pt.

<XMF/figures/xcore.pdf, id=1574, 743.77875pt x 883.3pt>
File: XMF/figures/xcore.pdf Graphic file (type pdf)

<use XMF/figures/xcore.pdf>
Package pdftex.def Info: XMF/figures/xcore.pdf used on input line 639.
(pdftex.def)             Requested size: 503.15256pt x 597.50787pt.

Overfull \hbox (42.43132pt too wide) in paragraph at lines 639--640
 [] 
 []


LaTeX Warning: Float too large for page by 19.35791pt on input line 642.


Overfull \hbox (3.88387pt too wide) in paragraph at lines 648--656
[]\OT1/ppl/m/n/12 The most fun-da-men-tal mod-elling con-cepts in XMF are el-e-
ments
 []

[40 <./XMF/figures/arch.pdf>] [41]) [42] [43 <./XMF/figures/xcore.pdf>]
\openout2 = `AbstractSyntax/static.aux'.


(./AbstractSyntax/static.tex [44




]
Chapter 4.
[45] [46] [47]
Overfull \hbox (3.75774pt too wide) in paragraph at lines 186--192
\OT1/ppl/m/n/12 Once con-cepts have been iden-ti-fied, stan-dard object-oriente
d mod-elling fea-tures, classes,
 []

[48] [49]
<AbstractSyntax/figures/SMExample.pdf, id=1630, 332.24126pt x 159.59625pt>
File: AbstractSyntax/figures/SMExample.pdf Graphic file (type pdf)

<use AbstractSyntax/figures/SMExample.pdf>
Package pdftex.def Info: AbstractSyntax/figures/SMExample.pdf used on input lin
e 289.
(pdftex.def)             Requested size: 312.9803pt x 150.35167pt.

Underfull \vbox (badness 10000) has occurred while \output is active []

 [50 <./AbstractSyntax/figures/SMExample.pdf>]
<AbstractSyntax/figures/SMAnnotated.pdf, id=1655, 396.48125pt x 276.03125pt>
File: AbstractSyntax/figures/SMAnnotated.pdf Graphic file (type pdf)

<use AbstractSyntax/figures/SMAnnotated.pdf>
Package pdftex.def Info: AbstractSyntax/figures/SMAnnotated.pdf used on input l
ine 349.
(pdftex.def)             Requested size: 369.88582pt x 257.51929pt.
 [51 <./AbstractSyntax/figures/SMAnnotated.pdf>]
<AbstractSyntax/figures/SMAbs1.pdf, id=1678, 784.9325pt x 460.72125pt>
File: AbstractSyntax/figures/SMAbs1.pdf Graphic file (type pdf)

<use AbstractSyntax/figures/SMAbs1.pdf>
Package pdftex.def Info: AbstractSyntax/figures/SMAbs1.pdf used on input line 3
82.
(pdftex.def)             Requested size: 455.24408pt x 267.21147pt.
 [52 <./AbstractSyntax/figures/SMAbs1.pdf>]
Overfull \hbox (4.99246pt too wide) in paragraph at lines 446--451
\OT1/ppl/m/n/12 XOCL ex-pres-sions. A con-ve-nient way of achiev-ing this is to
 use the class XMF::Operation
 []

<AbstractSyntax/figures/SMAbs2.pdf, id=1691, 855.195pt x 450.68375pt>
File: AbstractSyntax/figures/SMAbs2.pdf Graphic file (type pdf)

<use AbstractSyntax/figures/SMAbs2.pdf>
Package pdftex.def Info: AbstractSyntax/figures/SMAbs2.pdf used on input line 4
54.
(pdftex.def)             Requested size: 455.24408pt x 239.90652pt.
 [53] [54 <./AbstractSyntax/figures/SMAbs2.pdf>] [55]
<AbstractSyntax/figures/SMsnapshot.pdf, id=1746, 412.54124pt x 399.4925pt>
File: AbstractSyntax/figures/SMsnapshot.pdf Graphic file (type pdf)

<use AbstractSyntax/figures/SMsnapshot.pdf>
Package pdftex.def Info: AbstractSyntax/figures/SMsnapshot.pdf used on input li
ne 548.
(pdftex.def)             Requested size: 312.9803pt x 303.08711pt.
 [56 <./AbstractSyntax/figures/SMsnapshot.pdf>]) [57]
\openout2 = `ConcreteSyntax/concrete.aux'.

 (./ConcreteSyntax/concrete.tex [58




]
Chapter 5.

Underfull \vbox (badness 10000) has occurred while \output is active []

 [59]
Overfull \hbox (7.4764pt too wide) in paragraph at lines 54--55
\OT1/ppl/m/n/12 XBNF aug-ments EBNF with de-tails con-cerned with man-ag-ing mu
l-ti-ple gram-mars. Firstly
 []

[60] [61] [62]
<ConcreteSyntax/figures/process.png, id=1838, 578.16pt x 439.28824pt>
File: ConcreteSyntax/figures/process.png Graphic file (type png)

<use ConcreteSyntax/figures/process.png>
Package pdftex.def Info: ConcreteSyntax/figures/process.png used on input line 
128.
(pdftex.def)             Requested size: 341.43306pt x 259.41911pt.
 [63] [64 <./ConcreteSyntax/figures/process.png>]
Underfull \vbox (badness 10000) has occurred while \output is active []

 [65]
[66] <ConcreteSyntax/figures/diagramModel.pdf, id=1932, 578.16pt x 505.89pt>
File: ConcreteSyntax/figures/diagramModel.pdf Graphic file (type pdf)

<use ConcreteSyntax/figures/diagramModel.pdf>
Package pdftex.def Info: ConcreteSyntax/figures/diagramModel.pdf used on input 
line 243.
(pdftex.def)             Requested size: 426.79134pt x 373.44185pt.


LaTeX Warning: `h' float specifier changed to `ht'.

[67]
<ConcreteSyntax/figures/stateMachineSyntax.pdf, id=1942, 631.35875pt x 410.5337
5pt>
File: ConcreteSyntax/figures/stateMachineSyntax.pdf Graphic file (type pdf)
 <use ConcreteSyntax/figures/stateMachineSyntax.pdf>
Package pdftex.def Info: ConcreteSyntax/figures/stateMachineSyntax.pdf used on 
input line 254.
(pdftex.def)             Requested size: 455.24408pt x 296.02257pt.


LaTeX Warning: `h' float specifier changed to `ht'.

<ConcreteSyntax/figures/uniDirMapping.pdf, id=1944, 473.77pt x 121.45375pt>
File: ConcreteSyntax/figures/uniDirMapping.pdf Graphic file (type pdf)

<use ConcreteSyntax/figures/uniDirMapping.pdf>
Package pdftex.def Info: ConcreteSyntax/figures/uniDirMapping.pdf used on input
 line 270.
(pdftex.def)             Requested size: 284.52756pt x 72.94136pt.
 [68 <./ConcreteSyntax/figures/diagramModel.pdf>] [69 <./ConcreteSyntax/figures
/stateMachineSyntax.pdf> <./ConcreteSyntax/figures/uniDirMapping.pdf>]
Underfull \vbox (badness 10000) has occurred while \output is active []

 [70]
<ConcreteSyntax/figures/containership.pdf, id=2009, 732.7375pt x 615.29875pt>
File: ConcreteSyntax/figures/containership.pdf Graphic file (type pdf)

<use ConcreteSyntax/figures/containership.pdf>
Package pdftex.def Info: ConcreteSyntax/figures/containership.pdf used on input
 line 360.
(pdftex.def)             Requested size: 398.33858pt x 334.50027pt.
 [71]
<ConcreteSyntax/figures/stateMachineTool.png, id=2038, 721.69624pt x 538.01pt>
File: ConcreteSyntax/figures/stateMachineTool.png Graphic file (type png)

<use ConcreteSyntax/figures/stateMachineTool.png>
Package pdftex.def Info: ConcreteSyntax/figures/stateMachineTool.png used on in
put line 372.
(pdftex.def)             Requested size: 455.24408pt x 339.37497pt.
) [72 <./ConcreteSyntax/figures/containership.pdf>] [73 <./ConcreteSyntax/figur
es/stateMachineTool.png>]
\openout2 = `Semantics/semantics.aux'.


(./Semantics/semantics.tex [74




]
Chapter 6.
[75] [76] [77] [78] [79]
<Semantics/figures/translational.pdf, id=2083, 630.355pt x 330.23375pt>
File: Semantics/figures/translational.pdf Graphic file (type pdf)

<use Semantics/figures/translational.pdf>
Package pdftex.def Info: Semantics/figures/translational.pdf used on input line
 268.
(pdftex.def)             Requested size: 398.33858pt x 208.68326pt.
 [80 <./Semantics/figures/translational.pdf>] [81]
<Semantics/figures/trafficlight.pdf, id=2131, 315.1775pt x 159.59625pt>
File: Semantics/figures/trafficlight.pdf Graphic file (type pdf)

<use Semantics/figures/trafficlight.pdf>
Package pdftex.def Info: Semantics/figures/trafficlight.pdf used on input line 
360.
(pdftex.def)             Requested size: 312.9803pt x 158.49268pt.
Missing character: There is no “ in font pplr7t!
Missing character: There is no ” in font pplr7t!
 [82 <./Semantics/figures/trafficlight.pdf>] <Semantics/figures/messages.pdf, i
d=2162, 667.49374pt x 400.49625pt>
File: Semantics/figures/messages.pdf Graphic file (type pdf)

<use Semantics/figures/messages.pdf>
Package pdftex.def Info: Semantics/figures/messages.pdf used on input line 437.

(pdftex.def)             Requested size: 426.79134pt x 256.07838pt.
 [83]
Underfull \vbox (badness 2042) has occurred while \output is active []

 [84 <./Semantics/figures/messages.pdf>]
Overfull \hbox (9.84178pt too wide) in paragraph at lines 496--501
\OT1/ppl/m/n/12 StateMa-chine is Green, then the above se-man-tics en-sures tha
t the guard on the GreenRed()
 []


Overfull \hbox (4.11812pt too wide) in paragraph at lines 521--532
[]\OT1/ppl/m/n/12 The ex-ten-sional ap-proach has some com-mon-al-ity with the 
no-tion of a pro-file ([[]]).
 []

[85] <Semantics/figures/extension.pdf, id=2216, 448.67625pt x 296.10625pt>
File: Semantics/figures/extension.pdf Graphic file (type pdf)

<use Semantics/figures/extension.pdf>
Package pdftex.def Info: Semantics/figures/extension.pdf used on input line 543
.
(pdftex.def)             Requested size: 312.9803pt x 206.55907pt.
 [86 <./Semantics/figures/extension.pdf>]
[87]
<Semantics/figures/semanticdomain.pdf, id=2234, 539.01375pt x 263.98625pt>
File: Semantics/figures/semanticdomain.pdf Graphic file (type pdf)

<use Semantics/figures/semanticdomain.pdf>
Package pdftex.def Info: Semantics/figures/semanticdomain.pdf used on input lin
e 637.
(pdftex.def)             Requested size: 398.33858pt x 195.09299pt.

<Semantics/figures/sdsnapshot.pdf, id=2236, 517.935pt x 225.84375pt>
File: Semantics/figures/sdsnapshot.pdf Graphic file (type pdf)

<use Semantics/figures/sdsnapshot.pdf>
Package pdftex.def Info: Semantics/figures/sdsnapshot.pdf used on input line 65
8.
(pdftex.def)             Requested size: 369.88582pt x 161.2944pt.

<Semantics/figures/semanticmapping.pdf, id=2238, 343.2825pt x 348.30125pt>
File: Semantics/figures/semanticmapping.pdf Graphic file (type pdf)

<use Semantics/figures/semanticmapping.pdf>
Package pdftex.def Info: Semantics/figures/semanticmapping.pdf used on input li
ne 680.
(pdftex.def)             Requested size: 227.62204pt x 230.94777pt.
 [88 <./Semantics/figures/semanticdomain.pdf>] [89 <./Semantics/figures/sdsnaps
hot.pdf>]) [90 <./Semantics/figures/semanticmapping.pdf>]
\openout2 = `Programming/programming.aux'.

 (./Programming/programming.tex
Chapter 7.
[91




] [92] [93]
Underfull \hbox (badness 10000) in paragraph at lines 163--168

 []

[94] [95] [96] [97]
LaTeX Font Info:    Font shape `OT1/pcr/m/it' in size <10.95> not available
(Font)              Font shape `OT1/pcr/m/sl' tried instead on input line 376.
 [98]
Underfull \vbox (badness 10000) has occurred while \output is active []

 [99]
<Programming/figures/patterns1.pdf, id=2451, 279.0425pt x 141.52875pt>
File: Programming/figures/patterns1.pdf Graphic file (type pdf)

<use Programming/figures/patterns1.pdf>
Package pdftex.def Info: Programming/figures/patterns1.pdf used on input line 5
09.
(pdftex.def)             Requested size: 227.62204pt x 115.4518pt.

<Programming/figures/patterns2.pdf, id=2452, 281.05pt x 157.58875pt>
File: Programming/figures/patterns2.pdf Graphic file (type pdf)

<use Programming/figures/patterns2.pdf>
Package pdftex.def Info: Programming/figures/patterns2.pdf used on input line 5
17.
(pdftex.def)             Requested size: 227.62204pt x 127.63174pt.
)
Underfull \vbox (badness 1418) has occurred while \output is active []

 [100 <./Programming/figures/patterns1.pdf>] [101 <./Programming/figures/patter
ns2.pdf>]
\openout2 = `Mappings/mappings.aux'.


(./Mappings/mappings.tex [102




]
Chapter 8.

Underfull \vbox (badness 10000) has occurred while \output is active []

 [103]
[104]
<Mappings/figures/HorizontalMapExample.pdf, id=2497, 395.4775pt x 302.12875pt>
File: Mappings/figures/HorizontalMapExample.pdf Graphic file (type pdf)

<use Mappings/figures/HorizontalMapExample.pdf>
Package pdftex.def Info: Mappings/figures/HorizontalMapExample.pdf used on inpu
t line 125.
(pdftex.def)             Requested size: 284.52756pt x 217.37117pt.
 [105] [106 <./Mappings/figures/HorizontalMapExample.pdf>] [107] [108]
<Mappings/figures/mapping.pdf, id=2536, 425.59pt x 56.21pt>
File: Mappings/figures/mapping.pdf Graphic file (type pdf)

<use Mappings/figures/mapping.pdf>
Package pdftex.def Info: Mappings/figures/mapping.pdf used on input line 300.
(pdftex.def)             Requested size: 312.9803pt x 41.33914pt.
 [109 <./Mappings/figures/mapping.pdf>]
[110]
Overfull \hbox (1.77797pt too wide) in paragraph at lines 417--422
\OT1/ppl/m/n/12 This sec-tion demon-strates two map-pings writ-ten us-ing XMap:
 a map-ping from StateMa-
 []

[111] <Mappings/figures/SMAbs2.pdf, id=2593, 855.195pt x 450.68375pt>
File: Mappings/figures/SMAbs2.pdf Graphic file (type pdf)

<use Mappings/figures/SMAbs2.pdf>
Package pdftex.def Info: Mappings/figures/SMAbs2.pdf used on input line 432.
(pdftex.def)             Requested size: 483.69684pt x 254.90498pt.

Overfull \hbox (22.9756pt too wide) in paragraph at lines 432--433
 [] 
 []

<Mappings/figures/javamodel.pdf, id=2595, 566.115pt x 240.9pt>
File: Mappings/figures/javamodel.pdf Graphic file (type pdf)

<use Mappings/figures/javamodel.pdf>
Package pdftex.def Info: Mappings/figures/javamodel.pdf used on input line 446.

(pdftex.def)             Requested size: 426.79134pt x 181.61923pt.

<Mappings/figures/javamapping.pdf, id=2597, 710.655pt x 313.17pt>
File: Mappings/figures/javamapping.pdf Graphic file (type pdf)

<use Mappings/figures/javamapping.pdf>
Package pdftex.def Info: Mappings/figures/javamapping.pdf used on input line 45
8.
(pdftex.def)             Requested size: 426.79134pt x 188.08025pt.
 [112 <./Mappings/figures/SMAbs2.pdf>]
[113 <./Mappings/figures/javamodel.pdf>]
Underfull \vbox (badness 10000) has occurred while \output is active []

 [114 <./Mappings/figures/javamapping.pdf>]
Overfull \hbox (7.35817pt too wide) in paragraph at lines 572--577
\OT1/ppl/m/n/12 This map-ping con-tains a num-ber of clauses, which are matched
 against an sub-expression
 []

<Mappings/figures/oclfragment.pdf, id=2653, 260.975pt x 229.85875pt>
File: Mappings/figures/oclfragment.pdf Graphic file (type pdf)

<use Mappings/figures/oclfragment.pdf>
Package pdftex.def Info: Mappings/figures/oclfragment.pdf used on input line 58
0.
(pdftex.def)             Requested size: 199.16928pt x 175.42398pt.
 [115]
<Mappings/figures/xmlmodel.pdf, id=2692, 411.5375pt x 251.94125pt>
File: Mappings/figures/xmlmodel.pdf Graphic file (type pdf)

<use Mappings/figures/xmlmodel.pdf>
Package pdftex.def Info: Mappings/figures/xmlmodel.pdf used on input line 614.
(pdftex.def)             Requested size: 312.9803pt x 191.60419pt.

<Mappings/figures/xmlmapping.pdf, id=2694, 617.30624pt x 292.09125pt>
File: Mappings/figures/xmlmapping.pdf Graphic file (type pdf)

<use Mappings/figures/xmlmapping.pdf>
Package pdftex.def Info: Mappings/figures/xmlmapping.pdf used on input line 627
.
(pdftex.def)             Requested size: 398.33858pt x 188.48875pt.
 [116 <./Mappings/figures/oclfragment.pdf>]
Underfull \vbox (badness 6220) has occurred while \output is active []

 [117 <./Mappings/figures/xmlmodel.pdf>]
Underfull \vbox (badness 4353) has occurred while \output is active []

 [118 <./Mappings/figures/xmlmapping.pdf>]
Underfull \vbox (badness 10000) has occurred while \output is active []

 [119]
<Mappings/figures/mappingspec.pdf, id=2812, 495.8525pt x 239.89626pt>
File: Mappings/figures/mappingspec.pdf Graphic file (type pdf)

<use Mappings/figures/mappingspec.pdf>
Package pdftex.def Info: Mappings/figures/mappingspec.pdf used on input line 75
3.
(pdftex.def)             Requested size: 341.43306pt x 165.18816pt.
 [120 <./Mappings/figures/mappingspec.pdf>] <Mappings/figures/umlmapping.pdf, i
d=2831, 495.8525pt x 233.87375pt>
File: Mappings/figures/umlmapping.pdf Graphic file (type pdf)

<use Mappings/figures/umlmapping.pdf>
Package pdftex.def Info: Mappings/figures/umlmapping.pdf used on input line 809
.
(pdftex.def)             Requested size: 341.43306pt x 161.04115pt.
 [121] [122 <./Mappings/figures/umlmapping.pdf>] [123] [124]) [125]
\openout2 = `LanguageFamilies/langfamilies.aux'.

 (./LanguageFamilies/langfamilies.tex [126




]
Chapter 9.

Underfull \vbox (badness 4291) has occurred while \output is active []

 [127]
Overfull \hbox (2.2805pt too wide) in paragraph at lines 83--84
[]\OT1/ppl/m/n/12 A map-ping can be in-stan-ti-ated and the state of a map-ping
 in-stance can be recorded. 
 []

[128]
<LanguageFamilies/figures/mappingspec.pdf, id=2933, 363.3575pt x 208.78pt>
File: LanguageFamilies/figures/mappingspec.pdf Graphic file (type pdf)

<use LanguageFamilies/figures/mappingspec.pdf>
Package pdftex.def Info: LanguageFamilies/figures/mappingspec.pdf used on input
 line 99.
(pdftex.def)             Requested size: 284.52756pt x 163.48805pt.
 [129 <./LanguageFamilies/figures/mappingspec.pdf>]
<LanguageFamilies/figures/stereotypes.pdf, id=2944, 417.56pt x 70.2625pt>
File: LanguageFamilies/figures/stereotypes.pdf Graphic file (type pdf)

<use LanguageFamilies/figures/stereotypes.pdf>
Package pdftex.def Info: LanguageFamilies/figures/stereotypes.pdf used on input
 line 139.
(pdftex.def)             Requested size: 284.52756pt x 47.8797pt.

<LanguageFamilies/figures/WrongStereotypes.pdf, id=2946, 359.3425pt x 69.25874p
t>
File: LanguageFamilies/figures/WrongStereotypes.pdf Graphic file (type pdf)
 <use LanguageFamilies/figures/WrongStereotypes.pdf>
Package pdftex.def Info: LanguageFamilies/figures/WrongStereotypes.pdf used on 
input line 161.
(pdftex.def)             Requested size: 256.0748pt x 49.35898pt.
 [130 <./LanguageFamilies/figures/stereotypes.pdf> <./LanguageFamilies/figures/
WrongStereotypes.pdf>]
<LanguageFamilies/figures/componentspecialisation.pdf, id=2960, 92.345pt x 203.
76125pt>
File: LanguageFamilies/figures/componentspecialisation.pdf Graphic file (type p
df)
 <use LanguageFamilies/figures/componentspecialisation.pdf>
Package pdftex.def Info: LanguageFamilies/figures/componentspecialisation.pdf u
sed on input line 194.
(pdftex.def)             Requested size: 71.13188pt x 156.9557pt.

<LanguageFamilies/figures/componentspecialisation2.pdf, id=2962, 408.52625pt x 
229.85875pt>
File: LanguageFamilies/figures/componentspecialisation2.pdf Graphic file (type 
pdf)
 <use LanguageFamilies/figures/componentspecialisation2.pdf>
Package pdftex.def Info: LanguageFamilies/figures/componentspecialisation2.pdf 
used on input line 208.
(pdftex.def)             Requested size: 284.52756pt x 160.09683pt.

[131 <./LanguageFamilies/figures/componentspecialisation.pdf> <./LanguageFamili
es/figures/componentspecialisation2.pdf>]
<LanguageFamilies/figures/metapackage.pdf, id=2974, 94.3525pt x 320.19624pt>
File: LanguageFamilies/figures/metapackage.pdf Graphic file (type pdf)

<use LanguageFamilies/figures/metapackage.pdf>
Package pdftex.def Info: LanguageFamilies/figures/metapackage.pdf used on input
 line 226.
(pdftex.def)             Requested size: 71.13188pt x 241.39246pt.

<LanguageFamilies/figures/amodel.pdf, id=2976, 418.56375pt x 212.795pt>
File: LanguageFamilies/figures/amodel.pdf Graphic file (type pdf)

<use LanguageFamilies/figures/amodel.pdf>
Package pdftex.def Info: LanguageFamilies/figures/amodel.pdf used on input line
 243.
(pdftex.def)             Requested size: 284.52756pt x 144.64996pt.
 [132 <./LanguageFamilies/figures/metapackage.pdf>] [133 <./LanguageFamilies/fi
gures/amodel.pdf>]
<LanguageFamilies/figures/Langarch.pdf, id=2994, 297.11pt x 403.5075pt>
File: LanguageFamilies/figures/Langarch.pdf Graphic file (type pdf)

<use LanguageFamilies/figures/Langarch.pdf>
Package pdftex.def Info: LanguageFamilies/figures/Langarch.pdf used on input li
ne 330.
(pdftex.def)             Requested size: 227.62204pt x 309.15016pt.

<LanguageFamilies/figures/horizontal.pdf, id=2996, 315.1775pt x 173.64874pt>
File: LanguageFamilies/figures/horizontal.pdf Graphic file (type pdf)

<use LanguageFamilies/figures/horizontal.pdf>
Package pdftex.def Info: LanguageFamilies/figures/horizontal.pdf used on input 
line 349.
(pdftex.def)             Requested size: 256.0748pt x 141.09454pt.
File: XMF/figures/xcore.pdf Graphic file (type pdf)
 <use XMF/figures/xcore.pdf>
Package pdftex.def Info: XMF/figures/xcore.pdf used on input line 365.
(pdftex.def)             Requested size: 426.79134pt x 506.85576pt.

[134] [135 <./LanguageFamilies/figures/Langarch.pdf>]) [136 <./LanguageFamilies
/figures/horizontal.pdf>] [137] [138]
\openout2 = `CaseStudy1/aspects.aux'.

 (./CaseStudy1/aspects.tex
Chapter 10.
[139




] [140] <CaseStudy1/figures/abs2.pdf, id=3058, 495.8525pt x 262.9825pt>
File: CaseStudy1/figures/abs2.pdf Graphic file (type pdf)

<use CaseStudy1/figures/abs2.pdf>
Package pdftex.def Info: CaseStudy1/figures/abs2.pdf used on input line 90.
(pdftex.def)             Requested size: 398.33858pt x 211.26508pt.

<CaseStudy1/figures/semantics.pdf, id=3060, 532.99126pt x 256.96pt>
File: CaseStudy1/figures/semantics.pdf Graphic file (type pdf)

<use CaseStudy1/figures/semantics.pdf>
Package pdftex.def Info: CaseStudy1/figures/semantics.pdf used on input line 12
0.
(pdftex.def)             Requested size: 398.33858pt x 192.04904pt.
 [141 <./CaseStudy1/figures/abs2.pdf>]
Underfull \vbox (badness 10000) has occurred while \output is active []

 [142 <./CaseStudy1/figures/semantics.pdf>]
Overfull \hbox (8.27022pt too wide) in paragraph at lines 170--174
\OT1/ppl/m/n/12 Desugaring an ab-stract syn-tax class cre-ates an in-stance of 
the class Se-man-tics::Component
 []

)
Underfull \vbox (badness 10000) has occurred while \output is active []

 [143]
[144]
\openout2 = `CaseStudy2/telecoms.aux'.

 (./CaseStudy2/telecoms.tex
Chapter 11.
[145




]
Overfull \hbox (6.169pt too wide) in paragraph at lines 40--45
\OT1/ppl/m/n/12 se-cu-rity, per-sis-tence, etc are pro-vided as a com-mon de-pl
oy-ment and run-time frame-
 []

<CaseStudy2/figures/inventoryoverview.pdf, id=3124, 287.0725pt x 242.9075pt>
File: CaseStudy2/figures/inventoryoverview.pdf Graphic file (type pdf)

<use CaseStudy2/figures/inventoryoverview.pdf>
Package pdftex.def Info: CaseStudy2/figures/inventoryoverview.pdf used on input
 line 90.
(pdftex.def)             Requested size: 341.43306pt x 288.91153pt.
 [146]
Missing character: There is no · in font pplr7t!

<CaseStudy2/figures/abstractsyntax.pdf, id=3132, 629.35126pt x 331.2375pt>
File: CaseStudy2/figures/abstractsyntax.pdf Graphic file (type pdf)

<use CaseStudy2/figures/abstractsyntax.pdf>
Package pdftex.def Info: CaseStudy2/figures/abstractsyntax.pdf used on input li
ne 121.
(pdftex.def)             Requested size: 398.33858pt x 209.65114pt.
 [147 <./CaseStudy2/figures/inventoryoverview.pdf>]
Overfull \hbox (0.55266pt too wide) in paragraph at lines 148--157
\OT1/ppl/m/n/12 A num-ber of con-straints (well-formedness rules) ap-ply to the
 in-ven-tory lan-guage. These
 []

[148 <./CaseStudy2/figures/abstractsyntax.pdf>] [149]
<CaseStudy2/figures/model.pdf, id=3192, 435.6275pt x 495.8525pt>
File: CaseStudy2/figures/model.pdf Graphic file (type pdf)

<use CaseStudy2/figures/model.pdf>
Package pdftex.def Info: CaseStudy2/figures/model.pdf used on input line 225.
(pdftex.def)             Requested size: 256.0748pt x 291.47606pt.
 [150 <./CaseStudy2/figures/model.pdf>]
<CaseStudy2/figures/snapshot.pdf, id=3201, 355.3275pt x 136.51pt>
File: CaseStudy2/figures/snapshot.pdf Graphic file (type pdf)

<use CaseStudy2/figures/snapshot.pdf>
Package pdftex.def Info: CaseStudy2/figures/snapshot.pdf used on input line 268
.
(pdftex.def)             Requested size: 284.52756pt x 109.31229pt.

Underfull \vbox (badness 10000) has occurred while \output is active []

 [151 <./CaseStudy2/figures/snapshot.pdf>]
<CaseStudy2/figures/javamapping.pdf, id=3220, 698.61pt x 372.39125pt>
File: CaseStudy2/figures/javamapping.pdf Graphic file (type pdf)

<use CaseStudy2/figures/javamapping.pdf>
Package pdftex.def Info: CaseStudy2/figures/javamapping.pdf used on input line 
291.
(pdftex.def)             Requested size: 426.79134pt x 227.49925pt.
 [152 <./CaseStudy2/figures/javamapping.pdf>] [153]
<CaseStudy2/figures/toolmodel.pdf, id=3261, 768.8725pt x 475.7775pt>
File: CaseStudy2/figures/toolmodel.pdf Graphic file (type pdf)

<use CaseStudy2/figures/toolmodel.pdf>
Package pdftex.def Info: CaseStudy2/figures/toolmodel.pdf used on input line 36
3.
(pdftex.def)             Requested size: 455.24408pt x 281.70813pt.

<CaseStudy2/figures/classtoolexample.pdf, id=3264, 393.47pt x 329.23pt>
File: CaseStudy2/figures/classtoolexample.pdf Graphic file (type pdf)

<use CaseStudy2/figures/classtoolexample.pdf>
Package pdftex.def Info: CaseStudy2/figures/classtoolexample.pdf used on input 
line 383.
(pdftex.def)             Requested size: 398.33858pt x 333.30334pt.
) [154 <./CaseStudy2/figures/toolmodel.pdf>] [155 <./CaseStudy2/figures/classto
olexample.pdf>]
\openout2 = `CaseStudy3/programming.aux'.


(./CaseStudy3/programming.tex [156




]
Chapter 12.
[157] [158]
Underfull \vbox (badness 6396) has occurred while \output is active []

 [159]
[160] [161] [162] [163]
Underfull \vbox (badness 10000) has occurred while \output is active []

 [164]
Overfull \hbox (15.42302pt too wide) in paragraph at lines 355--357
\OT1/ppl/m/n/12 Expression eval-u-a-tion is de-fined by adding \OT1/pcr/m/n/12 
eval \OT1/ppl/m/n/12 op-er-a-tions to each class in \OT1/pcr/m/n/12 Expressions

 []

[165]
Underfull \vbox (badness 8151) has occurred while \output is active []

 [166]
[167] [168] [169]
Underfull \vbox (badness 7796) has occurred while \output is active []

 [170]
[171]
Underfull \vbox (badness 10000) has occurred while \output is active []

 [172]
Underfull \vbox (badness 10000) has occurred while \output is active []

 [173]
[174] [175]
Underfull \vbox (badness 10000) has occurred while \output is active []

 [176]
Underfull \vbox (badness 10000) has occurred while \output is active []

 [177]
[178]
Underfull \vbox (badness 10000) has occurred while \output is active []

 [179]
[180]
Underfull \vbox (badness 10000) has occurred while \output is active []

 [181]
[182] [183]
LaTeX Font Info:    Try loading font information for OMS+pcr on input line 1128
.
 (/usr/local/texlive/2012/texmf-dist/tex/latex/psnfss/omspcr.fd
File: omspcr.fd 
)
LaTeX Font Info:    Font shape `OMS/pcr/m/n' in size <12> not available
(Font)              Font shape `OMS/cmsy/m/n' tried instead on input line 1128.


[184]) [185]
\openout2 = `CaseStudy4/InteractiveTV.aux'.

 (./CaseStudy4/InteractiveTV.tex [186




]
Chapter 13.
[187] <CaseStudy4/figures/Architecture.pdf, id=4151, 722.7pt x 542.025pt>
File: CaseStudy4/figures/Architecture.pdf Graphic file (type pdf)

<use CaseStudy4/figures/Architecture.pdf>
Package pdftex.def Info: CaseStudy4/figures/Architecture.pdf used on input line
 86.
(pdftex.def)             Requested size: 361.3491pt x 271.01183pt.
 [188] [189 <./CaseStudy4/figures/Architecture.pdf>]
Overfull \hbox (9.31422pt too wide) in paragraph at lines 122--130
\OT1/ppl/m/n/12 based upon a num-ber of ren-der-ing en-gines based on var-i-ous
 fea-tures of Eclipse: browsers,
 []

[190]
Underfull \vbox (badness 10000) has occurred while \output is active []

 [191]
[192]
Underfull \vbox (badness 10000) has occurred while \output is active []

 [193]
<CaseStudy4/figures/Models.pdf, id=4276, 598.235pt x 230.8625pt>
File: CaseStudy4/figures/Models.pdf Graphic file (type pdf)

<use CaseStudy4/figures/Models.pdf>
Package pdftex.def Info: CaseStudy4/figures/Models.pdf used on input line 314.
(pdftex.def)             Requested size: 358.94377pt x 138.51855pt.

<CaseStudy4/figures/Properties.pdf, id=4277, 419.5675pt x 143.53625pt>
File: CaseStudy4/figures/Properties.pdf Graphic file (type pdf)

<use CaseStudy4/figures/Properties.pdf>
Package pdftex.def Info: CaseStudy4/figures/Properties.pdf used on input line 3
25.
(pdftex.def)             Requested size: 314.67485pt x 107.65192pt.

<CaseStudy4/figures/Screen.pdf, id=4280, 394.47375pt x 216.81pt>
File: CaseStudy4/figures/Screen.pdf Graphic file (type pdf)

<use CaseStudy4/figures/Screen.pdf>
Package pdftex.def Info: CaseStudy4/figures/Screen.pdf used on input line 344.
(pdftex.def)             Requested size: 295.85458pt x 162.60709pt.

<CaseStudy4/figures/Displays.pdf, id=4281, 860.21375pt x 422.57875pt>
File: CaseStudy4/figures/Displays.pdf Graphic file (type pdf)

<use CaseStudy4/figures/Displays.pdf>
Package pdftex.def Info: CaseStudy4/figures/Displays.pdf used on input line 354
.
(pdftex.def)             Requested size: 344.07939pt x 169.0285pt.
 [194 <./CaseStudy4/figures/Models.pdf>]
[195 <./CaseStudy4/figures/Properties.pdf> <./CaseStudy4/figures/Screen.pdf> <.
/CaseStudy4/figures/Displays.pdf>]
<CaseStudy4/figures/Menus.pdf, id=4318, 479.7925pt x 237.88875pt>
File: CaseStudy4/figures/Menus.pdf Graphic file (type pdf)

<use CaseStudy4/figures/Menus.pdf>
Package pdftex.def Info: CaseStudy4/figures/Menus.pdf used on input line 388.
(pdftex.def)             Requested size: 359.84348pt x 178.4161pt.

<CaseStudy4/figures/Actions.pdf, id=4319, 607.26875pt x 358.33875pt>
File: CaseStudy4/figures/Actions.pdf Graphic file (type pdf)

<use CaseStudy4/figures/Actions.pdf>
Package pdftex.def Info: CaseStudy4/figures/Actions.pdf used on input line 398.

(pdftex.def)             Requested size: 455.45045pt x 268.7534pt.
 [196 <./CaseStudy4/figures/Menus.pdf>]
[197 <./CaseStudy4/figures/Actions.pdf>]
Underfull \vbox (badness 10000) has occurred while \output is active []

 [198]
[199] [200] [201]
<CaseStudy4/figures/Engine.pdf, id=4491, 628.3475pt x 328.22626pt>
File: CaseStudy4/figures/Engine.pdf Graphic file (type pdf)

<use CaseStudy4/figures/Engine.pdf>
Package pdftex.def Info: CaseStudy4/figures/Engine.pdf used on input line 649.
(pdftex.def)             Requested size: 377.0114pt x 196.93727pt.
 [202] [203 <./CaseStudy4/figures/Engine.pdf>] [204] [205] [206]
Underfull \vbox (badness 10000) has occurred while \output is active []

 [207]
Underfull \vbox (badness 2253) has occurred while \output is active []

 [208]
[209] [210]
Underfull \vbox (badness 2698) has occurred while \output is active []

 [211]
<CaseStudy4/figures/Serialized.pdf, id=4751, 688.5725pt x 511.9125pt>
File: CaseStudy4/figures/Serialized.pdf Graphic file (type pdf)

<use CaseStudy4/figures/Serialized.pdf>
Package pdftex.def Info: CaseStudy4/figures/Serialized.pdf used on input line 1
019.
(pdftex.def)             Requested size: 413.14668pt x 307.14987pt.
 [212] [213 <./CaseStudy4/figures/Serialized.pdf>] [214]) [215]
\openout2 = `CaseStudy5/Graph.aux'.

 (./CaseStudy5/Graph.tex [216




]
Chapter 14.
<CaseStudy5/figures/Graphs.pdf, id=4805, 400.49625pt x 306.14375pt>
File: CaseStudy5/figures/Graphs.pdf Graphic file (type pdf)

<use CaseStudy5/figures/Graphs.pdf>
Package pdftex.def Info: CaseStudy5/figures/Graphs.pdf used on input line 26.
(pdftex.def)             Requested size: 300.37144pt x 229.60724pt.
 [217]
Underfull \vbox (badness 2790) has occurred while \output is active []

 [218 <./CaseStudy5/figures/Graphs.pdf>] [219]
Underfull \vbox (badness 1596) has occurred while \output is active []

 [220]
Underfull \vbox (badness 2856) has occurred while \output is active []

 [221]
Underfull \vbox (badness 5161) has occurred while \output is active []

 [222]
[223]) [224] (./book.bbl
Underfull \hbox (badness 1478) in paragraph at lines 10--13
[]\OT1/ppl/m/n/12 Grady Booch.  \OT1/ppl/m/it/12 Object-Oriented Anal-y-sis and
 De-sign with Ap-pli-ca-tions\OT1/ppl/m/n/12 .
 []

[225





]
Underfull \hbox (badness 1348) in paragraph at lines 82--84
[]\OT1/ppl/m/n/12 Eclipse mod-el-ing project.  []$\OT1/pcr/m/n/12 http : / / ww
w . eclipse . org / modeling/$[]\OT1/ppl/m/n/12 ,
 []

[226]
Underfull \hbox (badness 1168) in paragraph at lines 182--185
[]\OT1/ppl/m/n/12 Ansi com-mon lisp.  R5RS Re-vised Re-port on the Al-go-rith-m
ic Lan-
 []


Underfull \hbox (badness 10000) in paragraph at lines 197--200
[]\OT1/ppl/m/n/12 Stratego/swul.  []$\OT1/pcr/m/n/12 http : / / www . program-[
]transformation . org /
 []

[227])
Package atveryend Info: Empty hook `BeforeClearDocument' on input line 122.
 [228]
Package atveryend Info: Empty hook `AfterLastShipout' on input line 122.
 (./book.aux (./Front/preface.aux)
(./LanguageDrivenDevelopment/ldd.aux) (./Metamodelling/metamodelling.aux)
(./XMF/xmf.aux) (./AbstractSyntax/static.aux) (./ConcreteSyntax/concrete.aux)
(./Semantics/semantics.aux) (./Programming/programming.aux)
(./Mappings/mappings.aux) (./LanguageFamilies/langfamilies.aux)
(./CaseStudy1/aspects.aux) (./CaseStudy2/telecoms.aux)
(./CaseStudy3/programming.aux) (./CaseStudy4/InteractiveTV.aux)
(./CaseStudy5/Graph.aux))
Package atveryend Info: Executing hook `AtVeryEndDocument' on input line 122.
Package atveryend Info: Executing hook `AtEndAfterFileList' on input line 122.
Package rerunfilecheck Info: File `book.out' has not changed.
(rerunfilecheck)             Checksum: 65D3287C4046BCB8815821822C8FA04E;14308.
Package atveryend Info: Empty hook `AtVeryVeryEnd' on input line 122.
 ) 
Here is how much of TeX's memory you used:
 12451 strings out of 493489
 192883 string characters out of 3141349
 458841 words of memory out of 3000000
 12619 multiletter control sequences out of 15000+200000
 35074 words of font info for 72 fonts, out of 3000000 for 9000
 957 hyphenation exceptions out of 8191
 40i,11n,56p,1362b,1734s stack positions out of 5000i,500n,10000p,200000b,50000s
{/usr/local/texlive/2012/texmf-dist/fonts/enc/dvips/base/8r.enc}</usr/local/t
exlive/2012/texmf-dist/fonts/type1/public/amsfonts/cm/cmmi12.pfb></usr/local/te
xlive/2012/texmf-dist/fonts/type1/public/amsfonts/cm/cmmi8.pfb></usr/local/texl
ive/2012/texmf-dist/fonts/type1/public/amsfonts/cm/cmr12.pfb></usr/local/texliv
e/2012/texmf-dist/fonts/type1/public/amsfonts/cm/cmr8.pfb></usr/local/texlive/2
012/texmf-dist/fonts/type1/public/amsfonts/cm/cmsy10.pfb></usr/local/texlive/20
12/texmf-dist/fonts/type1/urw/courier/ucrb8a.pfb></usr/local/texlive/2012/texmf
-dist/fonts/type1/urw/courier/ucrr8a.pfb></usr/local/texlive/2012/texmf-dist/fo
nts/type1/urw/courier/ucrro8a.pfb></usr/local/texlive/2012/texmf-dist/fonts/typ
e1/urw/helvetic/uhvb8a.pfb></usr/local/texlive/2012/texmf-dist/fonts/type1/urw/
helvetic/uhvr8a.pfb></usr/local/texlive/2012/texmf-dist/fonts/type1/urw/palatin
o/uplb8a.pfb></usr/local/texlive/2012/texmf-dist/fonts/type1/urw/palatino/uplr8
a.pfb></usr/local/texlive/2012/texmf-dist/fonts/type1/urw/palatino/uplri8a.pfb>

Output written on book.pdf (244 pages, 1151057 bytes).
PDF statistics:
 5672 PDF objects out of 6186 (max. 8388607)
 5266 compressed objects within 53 object streams
 2823 named destinations out of 2984 (max. 500000)
 1981 words of extra memory for PDF output out of 10000 (max. 10000000)

